<?xml version="1.0" encoding="UTF-8"?>
<coverage generated="1570033403685" clover="3.2.0">
  <project timestamp="1570033403685" name="All files">
    <metrics statements="123" coveredstatements="90" conditionals="56" coveredconditionals="18" methods="27" coveredmethods="19" elements="206" coveredelements="127" complexity="0" loc="123" ncloc="123" packages="1" files="2" classes="2"/>
    <file name="objectFactory.js" path="C:\~dev\Q2\src\objectFactory.js">
      <metrics statements="48" coveredstatements="15" conditionals="36" coveredconditionals="1" methods="11" coveredmethods="3"/>
      <line num="6" count="1" type="stmt"/>
      <line num="14" count="1" type="stmt"/>
      <line num="20" count="0" type="cond" truecount="0" falsecount="2"/>
      <line num="21" count="0" type="stmt"/>
      <line num="22" count="0" type="cond" truecount="0" falsecount="3"/>
      <line num="25" count="0" type="stmt"/>
      <line num="28" count="1" type="stmt"/>
      <line num="35" count="0" type="cond" truecount="0" falsecount="4"/>
      <line num="41" count="1" type="stmt"/>
      <line num="46" count="0" type="cond" truecount="0" falsecount="5"/>
      <line num="53" count="1" type="stmt"/>
      <line num="59" count="0" type="cond" truecount="0" falsecount="4"/>
      <line num="65" count="1" type="stmt"/>
      <line num="74" count="0" type="stmt"/>
      <line num="75" count="0" type="stmt"/>
      <line num="76" count="0" type="cond" truecount="0" falsecount="3"/>
      <line num="79" count="0" type="stmt"/>
      <line num="82" count="0" type="stmt"/>
      <line num="83" count="0" type="cond" truecount="0" falsecount="4"/>
      <line num="84" count="0" type="stmt"/>
      <line num="86" count="0" type="stmt"/>
      <line num="90" count="1" type="stmt"/>
      <line num="95" count="0" type="cond" truecount="0" falsecount="2"/>
      <line num="99" count="0" type="cond" truecount="0" falsecount="2"/>
      <line num="105" count="1" type="stmt"/>
      <line num="106" count="1" type="stmt"/>
      <line num="107" count="1" type="cond" truecount="1" falsecount="6"/>
      <line num="109" count="0" type="stmt"/>
      <line num="110" count="0" type="stmt"/>
      <line num="112" count="0" type="stmt"/>
      <line num="113" count="0" type="stmt"/>
      <line num="114" count="0" type="stmt"/>
      <line num="115" count="0" type="stmt"/>
      <line num="116" count="0" type="stmt"/>
      <line num="118" count="0" type="stmt"/>
      <line num="119" count="0" type="stmt"/>
      <line num="120" count="0" type="stmt"/>
      <line num="122" count="0" type="stmt"/>
      <line num="123" count="0" type="stmt"/>
      <line num="125" count="0" type="stmt"/>
      <line num="126" count="0" type="stmt"/>
      <line num="128" count="0" type="stmt"/>
      <line num="129" count="0" type="stmt"/>
      <line num="132" count="1" type="stmt"/>
      <line num="135" count="1" type="stmt"/>
      <line num="137" count="1" type="stmt"/>
      <line num="139" count="1" type="stmt"/>
      <line num="144" count="1" type="stmt"/>
    </file>
    <file name="observable.js" path="C:\~dev\Q2\src\observable.js">
      <metrics statements="75" coveredstatements="75" conditionals="20" coveredconditionals="17" methods="16" coveredmethods="16"/>
      <line num="3" count="1" type="stmt"/>
      <line num="4" count="1" type="stmt"/>
      <line num="5" count="1" type="stmt"/>
      <line num="6" count="1" type="stmt"/>
      <line num="8" count="1" type="stmt"/>
      <line num="9" count="1" type="stmt"/>
      <line num="11" count="1" type="stmt"/>
      <line num="12" count="10" type="stmt"/>
      <line num="18" count="1" type="stmt"/>
      <line num="30" count="1" type="stmt"/>
      <line num="31" count="7" type="stmt"/>
      <line num="33" count="1" type="stmt"/>
      <line num="34" count="1" type="stmt"/>
      <line num="35" count="1" type="stmt"/>
      <line num="40" count="1" type="stmt"/>
      <line num="41" count="1" type="stmt"/>
      <line num="42" count="1" type="cond" truecount="1" falsecount="1"/>
      <line num="43" count="1" type="stmt"/>
      <line num="44" count="1" type="stmt"/>
      <line num="49" count="1" type="stmt"/>
      <line num="50" count="1" type="stmt"/>
      <line num="51" count="1" type="stmt"/>
      <line num="56" count="1" type="stmt"/>
      <line num="59" count="1" type="stmt"/>
      <line num="60" count="1" type="stmt"/>
      <line num="61" count="1" type="stmt"/>
      <line num="66" count="1" type="stmt"/>
      <line num="69" count="2" type="stmt"/>
      <line num="70" count="2" type="stmt"/>
      <line num="71" count="2" type="stmt"/>
      <line num="76" count="2" type="stmt"/>
      <line num="77" count="2" type="stmt"/>
      <line num="78" count="2" type="cond" truecount="1" falsecount="1"/>
      <line num="79" count="2" type="stmt"/>
      <line num="80" count="2" type="stmt"/>
      <line num="85" count="1" type="stmt"/>
      <line num="86" count="1" type="stmt"/>
      <line num="87" count="1" type="stmt"/>
      <line num="92" count="1" type="stmt"/>
      <line num="103" count="1" type="stmt"/>
      <line num="104" count="7" type="stmt"/>
      <line num="106" count="20" type="cond" truecount="2" falsecount="0"/>
      <line num="107" count="2" type="stmt"/>
      <line num="109" count="18" type="cond" truecount="2" falsecount="0"/>
      <line num="110" count="7" type="stmt"/>
      <line num="111" count="7" type="cond" truecount="2" falsecount="0"/>
      <line num="112" count="6" type="stmt"/>
      <line num="116" count="12" type="stmt"/>
      <line num="119" count="4" type="stmt"/>
      <line num="120" count="4" type="stmt"/>
      <line num="121" count="4" type="stmt"/>
      <line num="123" count="4" type="cond" truecount="2" falsecount="0"/>
      <line num="124" count="3" type="stmt"/>
      <line num="129" count="3" type="stmt"/>
      <line num="132" count="4" type="cond" truecount="2" falsecount="0"/>
      <line num="133" count="1" type="stmt"/>
      <line num="136" count="4" type="stmt"/>
      <line num="137" count="4" type="stmt"/>
      <line num="140" count="1" type="stmt"/>
      <line num="142" count="1" type="stmt"/>
      <line num="148" count="1" type="stmt"/>
      <line num="149" count="1" type="stmt"/>
      <line num="152" count="7" type="stmt"/>
      <line num="153" count="3" type="cond" truecount="2" falsecount="0"/>
      <line num="154" count="2" type="cond" truecount="1" falsecount="1"/>
      <line num="157" count="7" type="stmt"/>
      <line num="159" count="1" type="stmt"/>
      <line num="160" count="2" type="stmt"/>
      <line num="161" count="2" type="stmt"/>
      <line num="162" count="3" type="cond" truecount="2" falsecount="0"/>
      <line num="163" count="2" type="stmt"/>
      <line num="165" count="1" type="stmt"/>
      <line num="168" count="2" type="stmt"/>
      <line num="171" count="1" type="stmt"/>
      <line num="174" count="1" type="stmt"/>
    </file>
  </project>
</coverage>
