{"C:\\~dev\\Q2\\src\\objectFactory.js": {"path":"C:\\~dev\\Q2\\src\\objectFactory.js","statementMap":{"0":{"start":{"line":2,"column":16},"end":{"line":141,"column":3}},"1":{"start":{"line":6,"column":17},"end":{"line":13,"column":5}},"2":{"start":{"line":14,"column":19},"end":{"line":27,"column":5}},"3":{"start":{"line":20,"column":22},"end":{"line":20,"column":51}},"4":{"start":{"line":21,"column":12},"end":{"line":23,"column":13}},"5":{"start":{"line":22,"column":16},"end":{"line":22,"column":52}},"6":{"start":{"line":25,"column":12},"end":{"line":25,"column":23}},"7":{"start":{"line":28,"column":21},"end":{"line":40,"column":5}},"8":{"start":{"line":35,"column":12},"end":{"line":38,"column":25}},"9":{"start":{"line":41,"column":21},"end":{"line":52,"column":5}},"10":{"start":{"line":46,"column":12},"end":{"line":49,"column":36}},"11":{"start":{"line":53,"column":21},"end":{"line":64,"column":5}},"12":{"start":{"line":59,"column":12},"end":{"line":61,"column":29}},"13":{"start":{"line":65,"column":18},"end":{"line":88,"column":5}},"14":{"start":{"line":74,"column":22},"end":{"line":74,"column":31}},"15":{"start":{"line":75,"column":12},"end":{"line":77,"column":13}},"16":{"start":{"line":79,"column":12},"end":{"line":79,"column":23}},"17":{"start":{"line":82,"column":22},"end":{"line":82,"column":48}},"18":{"start":{"line":83,"column":12},"end":{"line":85,"column":13}},"19":{"start":{"line":84,"column":16},"end":{"line":84,"column":47}},"20":{"start":{"line":86,"column":12},"end":{"line":86,"column":23}},"21":{"start":{"line":89,"column":22},"end":{"line":102,"column":5}},"22":{"start":{"line":94,"column":12},"end":{"line":95,"column":41}},"23":{"start":{"line":98,"column":12},"end":{"line":100,"column":39}},"24":{"start":{"line":104,"column":20},"end":{"line":135,"column":5}},"25":{"start":{"line":105,"column":18},"end":{"line":105,"column":20}},"26":{"start":{"line":106,"column":8},"end":{"line":132,"column":9}},"27":{"start":{"line":108,"column":16},"end":{"line":108,"column":45}},"28":{"start":{"line":109,"column":16},"end":{"line":109,"column":22}},"29":{"start":{"line":111,"column":24},"end":{"line":111,"column":26}},"30":{"start":{"line":112,"column":16},"end":{"line":112,"column":45}},"31":{"start":{"line":113,"column":16},"end":{"line":113,"column":52}},"32":{"start":{"line":114,"column":16},"end":{"line":114,"column":59}},"33":{"start":{"line":115,"column":16},"end":{"line":115,"column":22}},"34":{"start":{"line":117,"column":16},"end":{"line":117,"column":45}},"35":{"start":{"line":118,"column":16},"end":{"line":118,"column":52}},"36":{"start":{"line":119,"column":16},"end":{"line":119,"column":22}},"37":{"start":{"line":121,"column":16},"end":{"line":121,"column":42}},"38":{"start":{"line":122,"column":16},"end":{"line":122,"column":22}},"39":{"start":{"line":124,"column":16},"end":{"line":124,"column":46}},"40":{"start":{"line":125,"column":16},"end":{"line":125,"column":22}},"41":{"start":{"line":127,"column":16},"end":{"line":127,"column":43}},"42":{"start":{"line":128,"column":16},"end":{"line":128,"column":22}},"43":{"start":{"line":131,"column":16},"end":{"line":131,"column":22}},"44":{"start":{"line":134,"column":8},"end":{"line":134,"column":19}},"45":{"start":{"line":136,"column":4},"end":{"line":140,"column":6}},"46":{"start":{"line":138,"column":12},"end":{"line":138,"column":44}},"47":{"start":{"line":143,"column":0},"end":{"line":143,"column":25}}},"fnMap":{"0":{"name":"(anonymous_0)","decl":{"start":{"line":2,"column":16},"end":{"line":2,"column":17}},"loc":{"start":{"line":2,"column":28},"end":{"line":141,"column":1}},"line":2},"1":{"name":"(anonymous_1)","decl":{"start":{"line":19,"column":8},"end":{"line":19,"column":9}},"loc":{"start":{"line":19,"column":18},"end":{"line":26,"column":9}},"line":19},"2":{"name":"(anonymous_2)","decl":{"start":{"line":34,"column":8},"end":{"line":34,"column":9}},"loc":{"start":{"line":34,"column":18},"end":{"line":39,"column":9}},"line":34},"3":{"name":"(anonymous_3)","decl":{"start":{"line":45,"column":8},"end":{"line":45,"column":9}},"loc":{"start":{"line":45,"column":18},"end":{"line":51,"column":9}},"line":45},"4":{"name":"(anonymous_4)","decl":{"start":{"line":58,"column":8},"end":{"line":58,"column":9}},"loc":{"start":{"line":58,"column":18},"end":{"line":63,"column":9}},"line":58},"5":{"name":"(anonymous_5)","decl":{"start":{"line":73,"column":8},"end":{"line":73,"column":9}},"loc":{"start":{"line":73,"column":18},"end":{"line":80,"column":9}},"line":73},"6":{"name":"(anonymous_6)","decl":{"start":{"line":81,"column":8},"end":{"line":81,"column":9}},"loc":{"start":{"line":81,"column":15},"end":{"line":87,"column":9}},"line":81},"7":{"name":"(anonymous_7)","decl":{"start":{"line":93,"column":8},"end":{"line":93,"column":9}},"loc":{"start":{"line":93,"column":18},"end":{"line":96,"column":9}},"line":93},"8":{"name":"(anonymous_8)","decl":{"start":{"line":97,"column":8},"end":{"line":97,"column":9}},"loc":{"start":{"line":97,"column":18},"end":{"line":101,"column":9}},"line":97},"9":{"name":"(anonymous_9)","decl":{"start":{"line":104,"column":20},"end":{"line":104,"column":21}},"loc":{"start":{"line":104,"column":28},"end":{"line":135,"column":5}},"line":104},"10":{"name":"(anonymous_10)","decl":{"start":{"line":137,"column":16},"end":{"line":137,"column":17}},"loc":{"start":{"line":137,"column":33},"end":{"line":139,"column":9}},"line":137}},"branchMap":{"0":{"loc":{"start":{"line":20,"column":22},"end":{"line":20,"column":51}},"type":"binary-expr","locations":[{"start":{"line":20,"column":22},"end":{"line":20,"column":34}},{"start":{"line":20,"column":38},"end":{"line":20,"column":51}}],"line":20},"1":{"loc":{"start":{"line":22,"column":22},"end":{"line":22,"column":51}},"type":"binary-expr","locations":[{"start":{"line":22,"column":22},"end":{"line":22,"column":25}},{"start":{"line":22,"column":29},"end":{"line":22,"column":33}},{"start":{"line":22,"column":37},"end":{"line":22,"column":51}}],"line":22},"2":{"loc":{"start":{"line":35,"column":19},"end":{"line":38,"column":24}},"type":"binary-expr","locations":[{"start":{"line":35,"column":19},"end":{"line":35,"column":30}},{"start":{"line":36,"column":16},"end":{"line":36,"column":25}},{"start":{"line":37,"column":16},"end":{"line":37,"column":26}},{"start":{"line":38,"column":16},"end":{"line":38,"column":24}}],"line":35},"3":{"loc":{"start":{"line":46,"column":19},"end":{"line":49,"column":35}},"type":"binary-expr","locations":[{"start":{"line":46,"column":19},"end":{"line":46,"column":31}},{"start":{"line":47,"column":16},"end":{"line":47,"column":28}},{"start":{"line":49,"column":16},"end":{"line":49,"column":35}}],"line":46},"4":{"loc":{"start":{"line":59,"column":19},"end":{"line":61,"column":28}},"type":"binary-expr","locations":[{"start":{"line":59,"column":19},"end":{"line":59,"column":28}},{"start":{"line":60,"column":16},"end":{"line":60,"column":26}},{"start":{"line":61,"column":16},"end":{"line":61,"column":28}}],"line":59},"5":{"loc":{"start":{"line":83,"column":12},"end":{"line":85,"column":13}},"type":"if","locations":[{"start":{"line":83,"column":12},"end":{"line":85,"column":13}},{"start":{"line":83,"column":12},"end":{"line":85,"column":13}}],"line":83},"6":{"loc":{"start":{"line":83,"column":16},"end":{"line":83,"column":55}},"type":"binary-expr","locations":[{"start":{"line":83,"column":16},"end":{"line":83,"column":29}},{"start":{"line":83,"column":33},"end":{"line":83,"column":55}}],"line":83},"7":{"loc":{"start":{"line":94,"column":19},"end":{"line":95,"column":40}},"type":"binary-expr","locations":[{"start":{"line":94,"column":19},"end":{"line":94,"column":44}},{"start":{"line":95,"column":16},"end":{"line":95,"column":40}}],"line":94},"8":{"loc":{"start":{"line":98,"column":19},"end":{"line":100,"column":38}},"type":"cond-expr","locations":[{"start":{"line":99,"column":16},"end":{"line":99,"column":32}},{"start":{"line":100,"column":16},"end":{"line":100,"column":38}}],"line":98},"9":{"loc":{"start":{"line":106,"column":8},"end":{"line":132,"column":9}},"type":"switch","locations":[{"start":{"line":107,"column":12},"end":{"line":109,"column":22}},{"start":{"line":110,"column":12},"end":{"line":115,"column":22}},{"start":{"line":116,"column":12},"end":{"line":119,"column":22}},{"start":{"line":120,"column":12},"end":{"line":122,"column":22}},{"start":{"line":123,"column":12},"end":{"line":125,"column":22}},{"start":{"line":126,"column":12},"end":{"line":128,"column":22}},{"start":{"line":129,"column":12},"end":{"line":131,"column":22}}],"line":106},"10":{"loc":{"start":{"line":137,"column":17},"end":{"line":137,"column":28}},"type":"default-arg","locations":[{"start":{"line":137,"column":24},"end":{"line":137,"column":28}}],"line":137},"11":{"loc":{"start":{"line":138,"column":27},"end":{"line":138,"column":42}},"type":"binary-expr","locations":[{"start":{"line":138,"column":27},"end":{"line":138,"column":31}},{"start":{"line":138,"column":35},"end":{"line":138,"column":42}}],"line":138}},"s":{"0":1,"1":1,"2":1,"3":1,"4":1,"5":1,"6":1,"7":1,"8":1,"9":1,"10":1,"11":1,"12":1,"13":1,"14":1,"15":1,"16":1,"17":1,"18":1,"19":1,"20":1,"21":1,"22":1,"23":2,"24":1,"25":13,"26":13,"27":3,"28":3,"29":1,"30":1,"31":1,"32":1,"33":1,"34":2,"35":2,"36":2,"37":3,"38":3,"39":2,"40":2,"41":1,"42":1,"43":1,"44":13,"45":1,"46":9,"47":1},"f":{"0":1,"1":1,"2":1,"3":1,"4":1,"5":1,"6":1,"7":1,"8":2,"9":13,"10":9},"b":{"0":[1,1],"1":[1,0,0],"2":[1,1,0,0],"3":[1,1,1],"4":[1,1,0],"5":[1,0],"6":[1,1],"7":[1,1],"8":[2,0],"9":[3,1,2,3,2,1,1],"10":[1],"11":[9,1]},"_coverageSchema":"43e27e138ebf9cfc5966b082cf9a028302ed4184","hash":"015faaebb84b39b04487511ab56f4cd44b7ef18c"}
,"C:\\~dev\\Q2\\src\\observable.js": {"path":"C:\\~dev\\Q2\\src\\observable.js","statementMap":{"0":{"start":{"line":3,"column":20},"end":{"line":3,"column":39}},"1":{"start":{"line":4,"column":4},"end":{"line":4,"column":27}},"2":{"start":{"line":5,"column":4},"end":{"line":7,"column":6}},"3":{"start":{"line":6,"column":8},"end":{"line":6,"column":39}},"4":{"start":{"line":8,"column":4},"end":{"line":10,"column":6}},"5":{"start":{"line":9,"column":8},"end":{"line":9,"column":32}},"6":{"start":{"line":11,"column":19},"end":{"line":13,"column":5}},"7":{"start":{"line":12,"column":8},"end":{"line":12,"column":61}},"8":{"start":{"line":12,"column":46},"end":{"line":12,"column":59}},"9":{"start":{"line":18,"column":19},"end":{"line":22,"column":5}},"10":{"start":{"line":30,"column":21},"end":{"line":95,"column":5}},"11":{"start":{"line":31,"column":8},"end":{"line":94,"column":10}},"12":{"start":{"line":33,"column":27},"end":{"line":33,"column":37}},"13":{"start":{"line":34,"column":16},"end":{"line":34,"column":59}},"14":{"start":{"line":35,"column":30},"end":{"line":39,"column":17}},"15":{"start":{"line":40,"column":16},"end":{"line":40,"column":32}},"16":{"start":{"line":41,"column":16},"end":{"line":46,"column":17}},"17":{"start":{"line":42,"column":20},"end":{"line":45,"column":21}},"18":{"start":{"line":43,"column":24},"end":{"line":43,"column":67}},"19":{"start":{"line":44,"column":24},"end":{"line":44,"column":31}},"20":{"start":{"line":49,"column":30},"end":{"line":49,"column":51}},"21":{"start":{"line":50,"column":16},"end":{"line":50,"column":47}},"22":{"start":{"line":51,"column":30},"end":{"line":55,"column":17}},"23":{"start":{"line":56,"column":16},"end":{"line":56,"column":32}},"24":{"start":{"line":59,"column":30},"end":{"line":59,"column":38}},"25":{"start":{"line":60,"column":16},"end":{"line":60,"column":49}},"26":{"start":{"line":61,"column":30},"end":{"line":65,"column":17}},"27":{"start":{"line":66,"column":16},"end":{"line":66,"column":32}},"28":{"start":{"line":69,"column":27},"end":{"line":69,"column":37}},"29":{"start":{"line":70,"column":16},"end":{"line":70,"column":62}},"30":{"start":{"line":71,"column":30},"end":{"line":75,"column":17}},"31":{"start":{"line":76,"column":16},"end":{"line":76,"column":32}},"32":{"start":{"line":77,"column":16},"end":{"line":82,"column":17}},"33":{"start":{"line":78,"column":20},"end":{"line":81,"column":21}},"34":{"start":{"line":79,"column":24},"end":{"line":79,"column":67}},"35":{"start":{"line":80,"column":24},"end":{"line":80,"column":31}},"36":{"start":{"line":85,"column":30},"end":{"line":85,"column":67}},"37":{"start":{"line":86,"column":16},"end":{"line":86,"column":61}},"38":{"start":{"line":87,"column":30},"end":{"line":91,"column":17}},"39":{"start":{"line":92,"column":16},"end":{"line":92,"column":32}},"40":{"start":{"line":103,"column":19},"end":{"line":158,"column":5}},"41":{"start":{"line":104,"column":22},"end":{"line":151,"column":9}},"42":{"start":{"line":106,"column":16},"end":{"line":107,"column":32}},"43":{"start":{"line":107,"column":20},"end":{"line":107,"column":32}},"44":{"start":{"line":109,"column":16},"end":{"line":114,"column":17}},"45":{"start":{"line":110,"column":34},"end":{"line":110,"column":56}},"46":{"start":{"line":111,"column":20},"end":{"line":113,"column":21}},"47":{"start":{"line":112,"column":24},"end":{"line":112,"column":45}},"48":{"start":{"line":116,"column":16},"end":{"line":116,"column":36}},"49":{"start":{"line":119,"column":31},"end":{"line":119,"column":43}},"50":{"start":{"line":119,"column":56},"end":{"line":119,"column":61}},"51":{"start":{"line":120,"column":16},"end":{"line":120,"column":37}},"52":{"start":{"line":121,"column":30},"end":{"line":121,"column":34}},"53":{"start":{"line":123,"column":16},"end":{"line":130,"column":17}},"54":{"start":{"line":124,"column":20},"end":{"line":128,"column":22}},"55":{"start":{"line":129,"column":20},"end":{"line":129,"column":36}},"56":{"start":{"line":132,"column":16},"end":{"line":134,"column":17}},"57":{"start":{"line":133,"column":20},"end":{"line":133,"column":61}},"58":{"start":{"line":136,"column":16},"end":{"line":136,"column":37}},"59":{"start":{"line":137,"column":16},"end":{"line":137,"column":28}},"60":{"start":{"line":140,"column":16},"end":{"line":140,"column":36}},"61":{"start":{"line":142,"column":30},"end":{"line":146,"column":17}},"62":{"start":{"line":148,"column":16},"end":{"line":148,"column":32}},"63":{"start":{"line":149,"column":16},"end":{"line":149,"column":28}},"64":{"start":{"line":152,"column":8},"end":{"line":156,"column":9}},"65":{"start":{"line":153,"column":12},"end":{"line":155,"column":13}},"66":{"start":{"line":154,"column":16},"end":{"line":154,"column":92}},"67":{"start":{"line":157,"column":8},"end":{"line":157,"column":39}},"68":{"start":{"line":159,"column":21},"end":{"line":169,"column":5}},"69":{"start":{"line":160,"column":16},"end":{"line":160,"column":18}},"70":{"start":{"line":161,"column":8},"end":{"line":167,"column":9}},"71":{"start":{"line":162,"column":12},"end":{"line":166,"column":13}},"72":{"start":{"line":163,"column":16},"end":{"line":163,"column":34}},"73":{"start":{"line":165,"column":16},"end":{"line":165,"column":44}},"74":{"start":{"line":168,"column":8},"end":{"line":168,"column":17}},"75":{"start":{"line":171,"column":4},"end":{"line":171,"column":30}},"76":{"start":{"line":174,"column":0},"end":{"line":174,"column":28}}},"fnMap":{"0":{"name":"observable","decl":{"start":{"line":2,"column":9},"end":{"line":2,"column":19}},"loc":{"start":{"line":2,"column":28},"end":{"line":172,"column":1}},"line":2},"1":{"name":"(anonymous_1)","decl":{"start":{"line":5,"column":19},"end":{"line":5,"column":20}},"loc":{"start":{"line":5,"column":39},"end":{"line":7,"column":5}},"line":5},"2":{"name":"(anonymous_2)","decl":{"start":{"line":8,"column":21},"end":{"line":8,"column":22}},"loc":{"start":{"line":8,"column":33},"end":{"line":10,"column":5}},"line":8},"3":{"name":"(anonymous_3)","decl":{"start":{"line":11,"column":19},"end":{"line":11,"column":20}},"loc":{"start":{"line":11,"column":34},"end":{"line":13,"column":5}},"line":11},"4":{"name":"(anonymous_4)","decl":{"start":{"line":12,"column":34},"end":{"line":12,"column":35}},"loc":{"start":{"line":12,"column":46},"end":{"line":12,"column":59}},"line":12},"5":{"name":"(anonymous_5)","decl":{"start":{"line":30,"column":21},"end":{"line":30,"column":22}},"loc":{"start":{"line":30,"column":36},"end":{"line":95,"column":5}},"line":30},"6":{"name":"(anonymous_6)","decl":{"start":{"line":32,"column":18},"end":{"line":32,"column":19}},"loc":{"start":{"line":32,"column":30},"end":{"line":47,"column":13}},"line":32},"7":{"name":"(anonymous_7)","decl":{"start":{"line":48,"column":17},"end":{"line":48,"column":18}},"loc":{"start":{"line":48,"column":29},"end":{"line":57,"column":13}},"line":48},"8":{"name":"(anonymous_8)","decl":{"start":{"line":58,"column":19},"end":{"line":58,"column":20}},"loc":{"start":{"line":58,"column":31},"end":{"line":67,"column":13}},"line":58},"9":{"name":"(anonymous_9)","decl":{"start":{"line":68,"column":21},"end":{"line":68,"column":22}},"loc":{"start":{"line":68,"column":33},"end":{"line":83,"column":13}},"line":68},"10":{"name":"(anonymous_10)","decl":{"start":{"line":84,"column":20},"end":{"line":84,"column":21}},"loc":{"start":{"line":84,"column":50},"end":{"line":93,"column":13}},"line":84},"11":{"name":"(anonymous_11)","decl":{"start":{"line":103,"column":19},"end":{"line":103,"column":20}},"loc":{"start":{"line":103,"column":34},"end":{"line":158,"column":5}},"line":103},"12":{"name":"(anonymous_12)","decl":{"start":{"line":105,"column":17},"end":{"line":105,"column":18}},"loc":{"start":{"line":105,"column":35},"end":{"line":117,"column":13}},"line":105},"13":{"name":"(anonymous_13)","decl":{"start":{"line":118,"column":17},"end":{"line":118,"column":18}},"loc":{"start":{"line":118,"column":42},"end":{"line":138,"column":13}},"line":118},"14":{"name":"(anonymous_14)","decl":{"start":{"line":139,"column":28},"end":{"line":139,"column":29}},"loc":{"start":{"line":139,"column":46},"end":{"line":150,"column":13}},"line":139},"15":{"name":"(anonymous_15)","decl":{"start":{"line":159,"column":21},"end":{"line":159,"column":22}},"loc":{"start":{"line":159,"column":30},"end":{"line":169,"column":5}},"line":159}},"branchMap":{"0":{"loc":{"start":{"line":42,"column":20},"end":{"line":45,"column":21}},"type":"if","locations":[{"start":{"line":42,"column":20},"end":{"line":45,"column":21}},{"start":{"line":42,"column":20},"end":{"line":45,"column":21}}],"line":42},"1":{"loc":{"start":{"line":78,"column":20},"end":{"line":81,"column":21}},"type":"if","locations":[{"start":{"line":78,"column":20},"end":{"line":81,"column":21}},{"start":{"line":78,"column":20},"end":{"line":81,"column":21}}],"line":78},"2":{"loc":{"start":{"line":106,"column":16},"end":{"line":107,"column":32}},"type":"if","locations":[{"start":{"line":106,"column":16},"end":{"line":107,"column":32}},{"start":{"line":106,"column":16},"end":{"line":107,"column":32}}],"line":106},"3":{"loc":{"start":{"line":109,"column":16},"end":{"line":114,"column":17}},"type":"if","locations":[{"start":{"line":109,"column":16},"end":{"line":114,"column":17}},{"start":{"line":109,"column":16},"end":{"line":114,"column":17}}],"line":109},"4":{"loc":{"start":{"line":111,"column":20},"end":{"line":113,"column":21}},"type":"if","locations":[{"start":{"line":111,"column":20},"end":{"line":113,"column":21}},{"start":{"line":111,"column":20},"end":{"line":113,"column":21}}],"line":111},"5":{"loc":{"start":{"line":123,"column":16},"end":{"line":130,"column":17}},"type":"if","locations":[{"start":{"line":123,"column":16},"end":{"line":130,"column":17}},{"start":{"line":123,"column":16},"end":{"line":130,"column":17}}],"line":123},"6":{"loc":{"start":{"line":132,"column":16},"end":{"line":134,"column":17}},"type":"if","locations":[{"start":{"line":132,"column":16},"end":{"line":134,"column":17}},{"start":{"line":132,"column":16},"end":{"line":134,"column":17}}],"line":132},"7":{"loc":{"start":{"line":153,"column":12},"end":{"line":155,"column":13}},"type":"if","locations":[{"start":{"line":153,"column":12},"end":{"line":155,"column":13}},{"start":{"line":153,"column":12},"end":{"line":155,"column":13}}],"line":153},"8":{"loc":{"start":{"line":154,"column":49},"end":{"line":154,"column":81}},"type":"cond-expr","locations":[{"start":{"line":154,"column":66},"end":{"line":154,"column":76}},{"start":{"line":154,"column":79},"end":{"line":154,"column":81}}],"line":154},"9":{"loc":{"start":{"line":162,"column":12},"end":{"line":166,"column":13}},"type":"if","locations":[{"start":{"line":162,"column":12},"end":{"line":166,"column":13}},{"start":{"line":162,"column":12},"end":{"line":166,"column":13}}],"line":162}},"s":{"0":1,"1":1,"2":1,"3":1,"4":1,"5":1,"6":1,"7":10,"8":10,"9":1,"10":1,"11":7,"12":1,"13":1,"14":1,"15":1,"16":1,"17":1,"18":1,"19":1,"20":1,"21":1,"22":1,"23":1,"24":1,"25":1,"26":1,"27":1,"28":2,"29":2,"30":2,"31":2,"32":2,"33":2,"34":2,"35":2,"36":1,"37":1,"38":1,"39":1,"40":1,"41":7,"42":19,"43":1,"44":18,"45":7,"46":7,"47":6,"48":12,"49":4,"50":4,"51":4,"52":4,"53":4,"54":3,"55":3,"56":4,"57":1,"58":4,"59":4,"60":1,"61":1,"62":1,"63":1,"64":7,"65":3,"66":2,"67":7,"68":1,"69":2,"70":2,"71":3,"72":2,"73":1,"74":2,"75":1,"76":1},"f":{"0":1,"1":1,"2":1,"3":10,"4":10,"5":7,"6":1,"7":1,"8":1,"9":2,"10":1,"11":7,"12":19,"13":4,"14":1,"15":2},"b":{"0":[1,0],"1":[2,0],"2":[1,18],"3":[7,11],"4":[6,1],"5":[3,1],"6":[1,3],"7":[2,1],"8":[2,0],"9":[2,1]},"_coverageSchema":"43e27e138ebf9cfc5966b082cf9a028302ed4184","hash":"aeb33c9f663f9ad14e7b5a8529a0ec4b894241a5"}
}
