{"C:\\~dev\\Q2\\lib\\observable.js": {"path":"C:\\~dev\\Q2\\lib\\observable.js","statementMap":{"0":{"start":{"line":4,"column":15},"end":{"line":4,"column":23}},"1":{"start":{"line":5,"column":15},"end":{"line":5,"column":23}},"2":{"start":{"line":6,"column":15},"end":{"line":6,"column":23}},"3":{"start":{"line":7,"column":16},"end":{"line":7,"column":25}},"4":{"start":{"line":8,"column":16},"end":{"line":8,"column":25}},"5":{"start":{"line":12,"column":18},"end":{"line":12,"column":47}},"6":{"start":{"line":16,"column":23},"end":{"line":29,"column":1}},"7":{"start":{"line":33,"column":25},"end":{"line":33,"column":46}},"8":{"start":{"line":37,"column":29},"end":{"line":91,"column":1}},"9":{"start":{"line":40,"column":12},"end":{"line":40,"column":37}},"10":{"start":{"line":45,"column":35},"end":{"line":45,"column":50}},"11":{"start":{"line":46,"column":28},"end":{"line":46,"column":52}},"12":{"start":{"line":48,"column":12},"end":{"line":50,"column":13}},"13":{"start":{"line":49,"column":16},"end":{"line":49,"column":73}},"14":{"start":{"line":51,"column":12},"end":{"line":65,"column":13}},"15":{"start":{"line":52,"column":16},"end":{"line":54,"column":17}},"16":{"start":{"line":53,"column":20},"end":{"line":53,"column":99}},"17":{"start":{"line":55,"column":16},"end":{"line":57,"column":17}},"18":{"start":{"line":56,"column":20},"end":{"line":56,"column":107}},"19":{"start":{"line":58,"column":16},"end":{"line":60,"column":17}},"20":{"start":{"line":59,"column":20},"end":{"line":59,"column":104}},"21":{"start":{"line":61,"column":38},"end":{"line":61,"column":109}},"22":{"start":{"line":61,"column":74},"end":{"line":61,"column":108}},"23":{"start":{"line":62,"column":16},"end":{"line":64,"column":17}},"24":{"start":{"line":63,"column":20},"end":{"line":63,"column":135}},"25":{"start":{"line":67,"column":12},"end":{"line":71,"column":13}},"26":{"start":{"line":68,"column":16},"end":{"line":68,"column":68}},"27":{"start":{"line":70,"column":16},"end":{"line":70,"column":81}},"28":{"start":{"line":76,"column":35},"end":{"line":76,"column":50}},"29":{"start":{"line":77,"column":28},"end":{"line":77,"column":52}},"30":{"start":{"line":79,"column":12},"end":{"line":88,"column":13}},"31":{"start":{"line":80,"column":16},"end":{"line":80,"column":37}},"32":{"start":{"line":81,"column":16},"end":{"line":87,"column":17}},"33":{"start":{"line":82,"column":20},"end":{"line":84,"column":21}},"34":{"start":{"line":83,"column":24},"end":{"line":83,"column":57}},"35":{"start":{"line":86,"column":20},"end":{"line":86,"column":38}},"36":{"start":{"line":92,"column":21},"end":{"line":117,"column":1}},"37":{"start":{"line":93,"column":12},"end":{"line":93,"column":25}},"38":{"start":{"line":95,"column":19},"end":{"line":95,"column":31}},"39":{"start":{"line":96,"column":4},"end":{"line":96,"column":33}},"40":{"start":{"line":97,"column":4},"end":{"line":115,"column":5}},"41":{"start":{"line":98,"column":8},"end":{"line":98,"column":12}},"42":{"start":{"line":99,"column":8},"end":{"line":99,"column":25}},"43":{"start":{"line":100,"column":8},"end":{"line":114,"column":9}},"44":{"start":{"line":101,"column":12},"end":{"line":111,"column":25}},"45":{"start":{"line":113,"column":12},"end":{"line":113,"column":29}},"46":{"start":{"line":116,"column":4},"end":{"line":116,"column":18}},"47":{"start":{"line":118,"column":22},"end":{"line":146,"column":1}},"48":{"start":{"line":119,"column":17},"end":{"line":119,"column":36}},"49":{"start":{"line":120,"column":17},"end":{"line":122,"column":9}},"50":{"start":{"line":123,"column":12},"end":{"line":123,"column":23}},"51":{"start":{"line":125,"column":4},"end":{"line":144,"column":5}},"52":{"start":{"line":126,"column":8},"end":{"line":126,"column":12}},"53":{"start":{"line":127,"column":8},"end":{"line":127,"column":22}},"54":{"start":{"line":128,"column":8},"end":{"line":128,"column":27}},"55":{"start":{"line":129,"column":8},"end":{"line":143,"column":9}},"56":{"start":{"line":130,"column":12},"end":{"line":140,"column":25}},"57":{"start":{"line":142,"column":12},"end":{"line":142,"column":31}},"58":{"start":{"line":145,"column":4},"end":{"line":145,"column":18}},"59":{"start":{"line":148,"column":22},"end":{"line":169,"column":1}},"60":{"start":{"line":150,"column":4},"end":{"line":168,"column":5}},"61":{"start":{"line":151,"column":8},"end":{"line":167,"column":9}},"62":{"start":{"line":152,"column":12},"end":{"line":152,"column":44}},"63":{"start":{"line":153,"column":12},"end":{"line":153,"column":38}},"64":{"start":{"line":155,"column":12},"end":{"line":161,"column":13}},"65":{"start":{"line":156,"column":16},"end":{"line":156,"column":37}},"66":{"start":{"line":157,"column":16},"end":{"line":157,"column":92}},"67":{"start":{"line":157,"column":59},"end":{"line":157,"column":90}},"68":{"start":{"line":158,"column":19},"end":{"line":161,"column":13}},"69":{"start":{"line":159,"column":16},"end":{"line":159,"column":43}},"70":{"start":{"line":160,"column":16},"end":{"line":160,"column":101}},"71":{"start":{"line":160,"column":59},"end":{"line":160,"column":99}},"72":{"start":{"line":162,"column":12},"end":{"line":164,"column":13}},"73":{"start":{"line":163,"column":16},"end":{"line":163,"column":40}},"74":{"start":{"line":166,"column":12},"end":{"line":166,"column":80}},"75":{"start":{"line":170,"column":24},"end":{"line":184,"column":1}},"76":{"start":{"line":171,"column":16},"end":{"line":171,"column":18}},"77":{"start":{"line":172,"column":13},"end":{"line":172,"column":14}},"78":{"start":{"line":173,"column":13},"end":{"line":173,"column":14}},"79":{"start":{"line":174,"column":4},"end":{"line":177,"column":5}},"80":{"start":{"line":175,"column":8},"end":{"line":175,"column":32}},"81":{"start":{"line":176,"column":8},"end":{"line":176,"column":27}},"82":{"start":{"line":178,"column":19},"end":{"line":178,"column":32}},"83":{"start":{"line":179,"column":4},"end":{"line":179,"column":40}},"84":{"start":{"line":179,"column":15},"end":{"line":179,"column":40}},"85":{"start":{"line":180,"column":4},"end":{"line":183,"column":6}},"86":{"start":{"line":189,"column":21},"end":{"line":189,"column":38}},"87":{"start":{"line":190,"column":26},"end":{"line":190,"column":55}},"88":{"start":{"line":191,"column":8},"end":{"line":200,"column":9}},"89":{"start":{"line":192,"column":12},"end":{"line":192,"column":35}},"90":{"start":{"line":193,"column":12},"end":{"line":195,"column":15}},"91":{"start":{"line":196,"column":12},"end":{"line":196,"column":71}},"92":{"start":{"line":198,"column":12},"end":{"line":198,"column":44}},"93":{"start":{"line":199,"column":12},"end":{"line":199,"column":44}},"94":{"start":{"line":201,"column":8},"end":{"line":201,"column":60}},"95":{"start":{"line":202,"column":8},"end":{"line":202,"column":42}},"96":{"start":{"line":203,"column":8},"end":{"line":203,"column":34}},"97":{"start":{"line":208,"column":23},"end":{"line":208,"column":34}},"98":{"start":{"line":211,"column":8},"end":{"line":213,"column":9}},"99":{"start":{"line":212,"column":12},"end":{"line":212,"column":24}},"100":{"start":{"line":215,"column":8},"end":{"line":229,"column":9}},"101":{"start":{"line":216,"column":12},"end":{"line":226,"column":25}},"102":{"start":{"line":228,"column":12},"end":{"line":228,"column":29}},"103":{"start":{"line":230,"column":8},"end":{"line":230,"column":31}},"104":{"start":{"line":232,"column":8},"end":{"line":237,"column":9}},"105":{"start":{"line":233,"column":32},"end":{"line":233,"column":51}},"106":{"start":{"line":234,"column":12},"end":{"line":236,"column":13}},"107":{"start":{"line":235,"column":16},"end":{"line":235,"column":48}},"108":{"start":{"line":240,"column":19},"end":{"line":240,"column":40}},"109":{"start":{"line":241,"column":8},"end":{"line":256,"column":9}},"110":{"start":{"line":242,"column":12},"end":{"line":242,"column":30}},"111":{"start":{"line":243,"column":12},"end":{"line":254,"column":15}},"112":{"start":{"line":255,"column":12},"end":{"line":255,"column":49}},"113":{"start":{"line":257,"column":8},"end":{"line":257,"column":20}},"114":{"start":{"line":261,"column":23},"end":{"line":261,"column":34}},"115":{"start":{"line":264,"column":8},"end":{"line":264,"column":27}},"116":{"start":{"line":266,"column":8},"end":{"line":271,"column":9}},"117":{"start":{"line":267,"column":32},"end":{"line":267,"column":51}},"118":{"start":{"line":268,"column":12},"end":{"line":270,"column":13}},"119":{"start":{"line":269,"column":16},"end":{"line":269,"column":48}},"120":{"start":{"line":274,"column":19},"end":{"line":274,"column":40}},"121":{"start":{"line":275,"column":8},"end":{"line":284,"column":9}},"122":{"start":{"line":276,"column":12},"end":{"line":276,"column":30}},"123":{"start":{"line":277,"column":12},"end":{"line":282,"column":15}},"124":{"start":{"line":283,"column":12},"end":{"line":283,"column":49}},"125":{"start":{"line":286,"column":8},"end":{"line":286,"column":20}},"126":{"start":{"line":292,"column":8},"end":{"line":292,"column":40}},"127":{"start":{"line":298,"column":8},"end":{"line":298,"column":32}},"128":{"start":{"line":301,"column":23},"end":{"line":301,"column":34}},"129":{"start":{"line":302,"column":16},"end":{"line":302,"column":29}},"130":{"start":{"line":304,"column":8},"end":{"line":313,"column":9}},"131":{"start":{"line":305,"column":12},"end":{"line":305,"column":16}},"132":{"start":{"line":306,"column":12},"end":{"line":306,"column":29}},"133":{"start":{"line":307,"column":12},"end":{"line":312,"column":13}},"134":{"start":{"line":308,"column":16},"end":{"line":308,"column":46}},"135":{"start":{"line":309,"column":16},"end":{"line":311,"column":17}},"136":{"start":{"line":310,"column":20},"end":{"line":310,"column":53}},"137":{"start":{"line":314,"column":8},"end":{"line":314,"column":22}},"138":{"start":{"line":318,"column":36},"end":{"line":685,"column":9}},"139":{"start":{"line":320,"column":36},"end":{"line":320,"column":53}},"140":{"start":{"line":321,"column":32},"end":{"line":321,"column":44}},"141":{"start":{"line":322,"column":16},"end":{"line":327,"column":17}},"142":{"start":{"line":323,"column":40},"end":{"line":323,"column":60}},"143":{"start":{"line":324,"column":20},"end":{"line":326,"column":21}},"144":{"start":{"line":325,"column":24},"end":{"line":325,"column":57}},"145":{"start":{"line":330,"column":27},"end":{"line":330,"column":52}},"146":{"start":{"line":331,"column":16},"end":{"line":339,"column":17}},"147":{"start":{"line":332,"column":20},"end":{"line":332,"column":46}},"148":{"start":{"line":333,"column":20},"end":{"line":338,"column":24}},"149":{"start":{"line":340,"column":16},"end":{"line":340,"column":33}},"150":{"start":{"line":343,"column":27},"end":{"line":343,"column":47}},"151":{"start":{"line":346,"column":34},"end":{"line":346,"column":46}},"152":{"start":{"line":347,"column":36},"end":{"line":347,"column":49}},"153":{"start":{"line":349,"column":16},"end":{"line":365,"column":17}},"154":{"start":{"line":350,"column":20},"end":{"line":350,"column":44}},"155":{"start":{"line":351,"column":20},"end":{"line":363,"column":21}},"156":{"start":{"line":352,"column":24},"end":{"line":362,"column":37}},"157":{"start":{"line":364,"column":20},"end":{"line":364,"column":42}},"158":{"start":{"line":366,"column":35},"end":{"line":366,"column":82}},"159":{"start":{"line":369,"column":27},"end":{"line":369,"column":52}},"160":{"start":{"line":370,"column":16},"end":{"line":383,"column":17}},"161":{"start":{"line":371,"column":20},"end":{"line":371,"column":33}},"162":{"start":{"line":372,"column":20},"end":{"line":381,"column":21}},"163":{"start":{"line":373,"column":24},"end":{"line":373,"column":48}},"164":{"start":{"line":374,"column":24},"end":{"line":374,"column":37}},"165":{"start":{"line":375,"column":24},"end":{"line":380,"column":26}},"166":{"start":{"line":382,"column":20},"end":{"line":382,"column":57}},"167":{"start":{"line":384,"column":16},"end":{"line":384,"column":34}},"168":{"start":{"line":389,"column":16},"end":{"line":389,"column":45}},"169":{"start":{"line":390,"column":16},"end":{"line":395,"column":17}},"170":{"start":{"line":391,"column":20},"end":{"line":391,"column":57}},"171":{"start":{"line":392,"column":20},"end":{"line":394,"column":21}},"172":{"start":{"line":393,"column":24},"end":{"line":393,"column":59}},"173":{"start":{"line":398,"column":16},"end":{"line":406,"column":17}},"174":{"start":{"line":399,"column":20},"end":{"line":399,"column":37}},"175":{"start":{"line":400,"column":20},"end":{"line":405,"column":21}},"176":{"start":{"line":401,"column":24},"end":{"line":401,"column":54}},"177":{"start":{"line":402,"column":24},"end":{"line":404,"column":25}},"178":{"start":{"line":403,"column":28},"end":{"line":403,"column":51}},"179":{"start":{"line":409,"column":27},"end":{"line":409,"column":52}},"180":{"start":{"line":410,"column":16},"end":{"line":419,"column":17}},"181":{"start":{"line":411,"column":20},"end":{"line":411,"column":36}},"182":{"start":{"line":412,"column":20},"end":{"line":417,"column":23}},"183":{"start":{"line":418,"column":20},"end":{"line":418,"column":57}},"184":{"start":{"line":420,"column":16},"end":{"line":420,"column":35}},"185":{"start":{"line":423,"column":39},"end":{"line":423,"column":60}},"186":{"start":{"line":425,"column":16},"end":{"line":425,"column":44}},"187":{"start":{"line":426,"column":16},"end":{"line":440,"column":19}},"188":{"start":{"line":427,"column":20},"end":{"line":439,"column":21}},"189":{"start":{"line":428,"column":24},"end":{"line":438,"column":37}},"190":{"start":{"line":441,"column":38},"end":{"line":441,"column":91}},"191":{"start":{"line":442,"column":16},"end":{"line":450,"column":17}},"192":{"start":{"line":442,"column":29},"end":{"line":442,"column":30}},"193":{"start":{"line":442,"column":36},"end":{"line":442,"column":49}},"194":{"start":{"line":443,"column":20},"end":{"line":443,"column":37}},"195":{"start":{"line":444,"column":20},"end":{"line":449,"column":21}},"196":{"start":{"line":445,"column":44},"end":{"line":445,"column":59}},"197":{"start":{"line":446,"column":24},"end":{"line":448,"column":25}},"198":{"start":{"line":447,"column":28},"end":{"line":447,"column":51}},"199":{"start":{"line":453,"column":27},"end":{"line":453,"column":52}},"200":{"start":{"line":454,"column":16},"end":{"line":469,"column":17}},"201":{"start":{"line":455,"column":30},"end":{"line":455,"column":51}},"202":{"start":{"line":457,"column":20},"end":{"line":457,"column":43}},"203":{"start":{"line":458,"column":20},"end":{"line":467,"column":21}},"204":{"start":{"line":458,"column":33},"end":{"line":458,"column":34}},"205":{"start":{"line":459,"column":24},"end":{"line":459,"column":48}},"206":{"start":{"line":460,"column":24},"end":{"line":460,"column":37}},"207":{"start":{"line":461,"column":24},"end":{"line":466,"column":26}},"208":{"start":{"line":468,"column":20},"end":{"line":468,"column":57}},"209":{"start":{"line":470,"column":16},"end":{"line":470,"column":37}},"210":{"start":{"line":474,"column":16},"end":{"line":474,"column":33}},"211":{"start":{"line":475,"column":16},"end":{"line":483,"column":17}},"212":{"start":{"line":476,"column":20},"end":{"line":476,"column":37}},"213":{"start":{"line":477,"column":20},"end":{"line":482,"column":21}},"214":{"start":{"line":478,"column":44},"end":{"line":478,"column":59}},"215":{"start":{"line":479,"column":24},"end":{"line":481,"column":25}},"216":{"start":{"line":480,"column":28},"end":{"line":480,"column":51}},"217":{"start":{"line":486,"column":27},"end":{"line":486,"column":52}},"218":{"start":{"line":487,"column":16},"end":{"line":494,"column":17}},"219":{"start":{"line":488,"column":20},"end":{"line":492,"column":23}},"220":{"start":{"line":493,"column":20},"end":{"line":493,"column":57}},"221":{"start":{"line":495,"column":16},"end":{"line":495,"column":38}},"222":{"start":{"line":499,"column":16},"end":{"line":499,"column":40}},"223":{"start":{"line":500,"column":16},"end":{"line":508,"column":17}},"224":{"start":{"line":501,"column":20},"end":{"line":501,"column":37}},"225":{"start":{"line":502,"column":20},"end":{"line":507,"column":21}},"226":{"start":{"line":503,"column":44},"end":{"line":503,"column":59}},"227":{"start":{"line":504,"column":24},"end":{"line":506,"column":25}},"228":{"start":{"line":505,"column":28},"end":{"line":505,"column":51}},"229":{"start":{"line":511,"column":27},"end":{"line":511,"column":52}},"230":{"start":{"line":512,"column":16},"end":{"line":519,"column":17}},"231":{"start":{"line":513,"column":20},"end":{"line":517,"column":23}},"232":{"start":{"line":518,"column":20},"end":{"line":518,"column":57}},"233":{"start":{"line":520,"column":16},"end":{"line":520,"column":38}},"234":{"start":{"line":524,"column":25},"end":{"line":524,"column":50}},"235":{"start":{"line":525,"column":30},"end":{"line":525,"column":32}},"236":{"start":{"line":526,"column":29},"end":{"line":526,"column":42}},"237":{"start":{"line":527,"column":31},"end":{"line":527,"column":52}},"238":{"start":{"line":528,"column":16},"end":{"line":528,"column":38}},"239":{"start":{"line":530,"column":29},"end":{"line":530,"column":44}},"240":{"start":{"line":531,"column":28},"end":{"line":531,"column":99}},"241":{"start":{"line":532,"column":26},"end":{"line":532,"column":102}},"242":{"start":{"line":533,"column":27},"end":{"line":533,"column":42}},"243":{"start":{"line":534,"column":16},"end":{"line":534,"column":61}},"244":{"start":{"line":537,"column":16},"end":{"line":580,"column":17}},"245":{"start":{"line":537,"column":29},"end":{"line":537,"column":34}},"246":{"start":{"line":538,"column":20},"end":{"line":538,"column":37}},"247":{"start":{"line":539,"column":20},"end":{"line":551,"column":21}},"248":{"start":{"line":540,"column":24},"end":{"line":550,"column":37}},"249":{"start":{"line":552,"column":20},"end":{"line":579,"column":21}},"250":{"start":{"line":553,"column":24},"end":{"line":553,"column":44}},"251":{"start":{"line":554,"column":24},"end":{"line":559,"column":25}},"252":{"start":{"line":555,"column":28},"end":{"line":555,"column":63}},"253":{"start":{"line":556,"column":28},"end":{"line":558,"column":29}},"254":{"start":{"line":557,"column":32},"end":{"line":557,"column":65}},"255":{"start":{"line":561,"column":24},"end":{"line":561,"column":48}},"256":{"start":{"line":562,"column":24},"end":{"line":562,"column":37}},"257":{"start":{"line":563,"column":24},"end":{"line":569,"column":27}},"258":{"start":{"line":571,"column":24},"end":{"line":571,"column":48}},"259":{"start":{"line":572,"column":24},"end":{"line":572,"column":37}},"260":{"start":{"line":573,"column":24},"end":{"line":578,"column":27}},"261":{"start":{"line":583,"column":16},"end":{"line":585,"column":17}},"262":{"start":{"line":584,"column":20},"end":{"line":584,"column":57}},"263":{"start":{"line":586,"column":16},"end":{"line":586,"column":38}},"264":{"start":{"line":590,"column":25},"end":{"line":590,"column":50}},"265":{"start":{"line":591,"column":30},"end":{"line":591,"column":32}},"266":{"start":{"line":592,"column":36},"end":{"line":592,"column":57}},"267":{"start":{"line":593,"column":29},"end":{"line":593,"column":42}},"268":{"start":{"line":595,"column":16},"end":{"line":595,"column":43}},"269":{"start":{"line":596,"column":31},"end":{"line":596,"column":51}},"270":{"start":{"line":599,"column":16},"end":{"line":614,"column":17}},"271":{"start":{"line":599,"column":29},"end":{"line":599,"column":30}},"272":{"start":{"line":600,"column":20},"end":{"line":600,"column":44}},"273":{"start":{"line":601,"column":20},"end":{"line":613,"column":21}},"274":{"start":{"line":602,"column":24},"end":{"line":612,"column":37}},"275":{"start":{"line":618,"column":33},"end":{"line":618,"column":121}},"276":{"start":{"line":619,"column":30},"end":{"line":619,"column":81}},"277":{"start":{"line":620,"column":31},"end":{"line":620,"column":54}},"278":{"start":{"line":621,"column":35},"end":{"line":621,"column":86}},"279":{"start":{"line":622,"column":32},"end":{"line":622,"column":45}},"280":{"start":{"line":626,"column":16},"end":{"line":634,"column":17}},"281":{"start":{"line":626,"column":29},"end":{"line":626,"column":30}},"282":{"start":{"line":627,"column":20},"end":{"line":627,"column":37}},"283":{"start":{"line":628,"column":20},"end":{"line":633,"column":21}},"284":{"start":{"line":629,"column":24},"end":{"line":629,"column":54}},"285":{"start":{"line":630,"column":24},"end":{"line":632,"column":25}},"286":{"start":{"line":631,"column":28},"end":{"line":631,"column":51}},"287":{"start":{"line":638,"column":16},"end":{"line":646,"column":17}},"288":{"start":{"line":639,"column":20},"end":{"line":639,"column":43}},"289":{"start":{"line":640,"column":20},"end":{"line":645,"column":21}},"290":{"start":{"line":641,"column":24},"end":{"line":641,"column":54}},"291":{"start":{"line":642,"column":24},"end":{"line":644,"column":25}},"292":{"start":{"line":643,"column":28},"end":{"line":643,"column":67}},"293":{"start":{"line":649,"column":16},"end":{"line":682,"column":17}},"294":{"start":{"line":651,"column":20},"end":{"line":670,"column":21}},"295":{"start":{"line":652,"column":24},"end":{"line":652,"column":48}},"296":{"start":{"line":653,"column":24},"end":{"line":653,"column":54}},"297":{"start":{"line":654,"column":24},"end":{"line":669,"column":25}},"298":{"start":{"line":655,"column":28},"end":{"line":661,"column":31}},"299":{"start":{"line":663,"column":28},"end":{"line":668,"column":31}},"300":{"start":{"line":671,"column":20},"end":{"line":680,"column":21}},"301":{"start":{"line":672,"column":24},"end":{"line":672,"column":48}},"302":{"start":{"line":673,"column":24},"end":{"line":673,"column":54}},"303":{"start":{"line":674,"column":24},"end":{"line":679,"column":27}},"304":{"start":{"line":681,"column":20},"end":{"line":681,"column":57}},"305":{"start":{"line":683,"column":16},"end":{"line":683,"column":36}},"306":{"start":{"line":686,"column":8},"end":{"line":690,"column":9}},"307":{"start":{"line":687,"column":12},"end":{"line":687,"column":74}},"308":{"start":{"line":689,"column":12},"end":{"line":689,"column":31}},"309":{"start":{"line":696,"column":8},"end":{"line":696,"column":41}},"310":{"start":{"line":702,"column":8},"end":{"line":702,"column":32}},"311":{"start":{"line":706,"column":21},"end":{"line":706,"column":32}},"312":{"start":{"line":707,"column":19},"end":{"line":707,"column":38}},"313":{"start":{"line":708,"column":16},"end":{"line":708,"column":27}},"314":{"start":{"line":710,"column":8},"end":{"line":719,"column":9}},"315":{"start":{"line":711,"column":12},"end":{"line":711,"column":28}},"316":{"start":{"line":712,"column":12},"end":{"line":712,"column":31}},"317":{"start":{"line":713,"column":12},"end":{"line":718,"column":13}},"318":{"start":{"line":714,"column":16},"end":{"line":714,"column":46}},"319":{"start":{"line":715,"column":16},"end":{"line":717,"column":17}},"320":{"start":{"line":716,"column":20},"end":{"line":716,"column":55}},"321":{"start":{"line":720,"column":8},"end":{"line":720,"column":22}},"322":{"start":{"line":726,"column":8},"end":{"line":726,"column":100}},"323":{"start":{"line":730,"column":8},"end":{"line":751,"column":9}},"324":{"start":{"line":731,"column":29},"end":{"line":741,"column":18}},"325":{"start":{"line":742,"column":12},"end":{"line":742,"column":34}},"326":{"start":{"line":744,"column":12},"end":{"line":750,"column":13}},"327":{"start":{"line":745,"column":16},"end":{"line":745,"column":92}},"328":{"start":{"line":746,"column":19},"end":{"line":750,"column":13}},"329":{"start":{"line":747,"column":16},"end":{"line":747,"column":158}},"330":{"start":{"line":748,"column":19},"end":{"line":750,"column":13}},"331":{"start":{"line":749,"column":16},"end":{"line":749,"column":111}},"332":{"start":{"line":755,"column":8},"end":{"line":755,"column":62}},"333":{"start":{"line":759,"column":0},"end":{"line":759,"column":26}}},"fnMap":{"0":{"name":"(anonymous_0)","decl":{"start":{"line":39,"column":15},"end":{"line":39,"column":16}},"loc":{"start":{"line":39,"column":27},"end":{"line":41,"column":9}},"line":39},"1":{"name":"(anonymous_1)","decl":{"start":{"line":44,"column":15},"end":{"line":44,"column":16}},"loc":{"start":{"line":44,"column":44},"end":{"line":72,"column":9}},"line":44},"2":{"name":"(anonymous_2)","decl":{"start":{"line":61,"column":64},"end":{"line":61,"column":65}},"loc":{"start":{"line":61,"column":74},"end":{"line":61,"column":108}},"line":61},"3":{"name":"(anonymous_3)","decl":{"start":{"line":75,"column":15},"end":{"line":75,"column":16}},"loc":{"start":{"line":75,"column":27},"end":{"line":89,"column":9}},"line":75},"4":{"name":"(anonymous_4)","decl":{"start":{"line":92,"column":21},"end":{"line":92,"column":22}},"loc":{"start":{"line":92,"column":49},"end":{"line":117,"column":1}},"line":92},"5":{"name":"(anonymous_5)","decl":{"start":{"line":118,"column":22},"end":{"line":118,"column":23}},"loc":{"start":{"line":118,"column":50},"end":{"line":146,"column":1}},"line":118},"6":{"name":"(anonymous_6)","decl":{"start":{"line":148,"column":22},"end":{"line":148,"column":23}},"loc":{"start":{"line":148,"column":52},"end":{"line":169,"column":1}},"line":148},"7":{"name":"(anonymous_7)","decl":{"start":{"line":157,"column":49},"end":{"line":157,"column":50}},"loc":{"start":{"line":157,"column":59},"end":{"line":157,"column":90}},"line":157},"8":{"name":"(anonymous_8)","decl":{"start":{"line":160,"column":49},"end":{"line":160,"column":50}},"loc":{"start":{"line":160,"column":59},"end":{"line":160,"column":99}},"line":160},"9":{"name":"(anonymous_9)","decl":{"start":{"line":170,"column":24},"end":{"line":170,"column":25}},"loc":{"start":{"line":170,"column":40},"end":{"line":184,"column":1}},"line":170},"10":{"name":"(anonymous_10)","decl":{"start":{"line":187,"column":4},"end":{"line":187,"column":5}},"loc":{"start":{"line":187,"column":45},"end":{"line":204,"column":5}},"line":187},"11":{"name":"(anonymous_11)","decl":{"start":{"line":206,"column":4},"end":{"line":206,"column":5}},"loc":{"start":{"line":206,"column":28},"end":{"line":258,"column":5}},"line":206},"12":{"name":"(anonymous_12)","decl":{"start":{"line":260,"column":4},"end":{"line":260,"column":5}},"loc":{"start":{"line":260,"column":32},"end":{"line":287,"column":5}},"line":260},"13":{"name":"(anonymous_13)","decl":{"start":{"line":291,"column":4},"end":{"line":291,"column":5}},"loc":{"start":{"line":291,"column":28},"end":{"line":293,"column":5}},"line":291},"14":{"name":"(anonymous_14)","decl":{"start":{"line":296,"column":4},"end":{"line":296,"column":5}},"loc":{"start":{"line":296,"column":13},"end":{"line":315,"column":5}},"line":296},"15":{"name":"(anonymous_15)","decl":{"start":{"line":317,"column":4},"end":{"line":317,"column":5}},"loc":{"start":{"line":317,"column":21},"end":{"line":691,"column":5}},"line":317},"16":{"name":"proxiedPop","decl":{"start":{"line":319,"column":26},"end":{"line":319,"column":36}},"loc":{"start":{"line":319,"column":55},"end":{"line":341,"column":13}},"line":319},"17":{"name":"proxiedPush","decl":{"start":{"line":342,"column":27},"end":{"line":342,"column":38}},"loc":{"start":{"line":342,"column":57},"end":{"line":385,"column":13}},"line":342},"18":{"name":"proxiedShift","decl":{"start":{"line":386,"column":28},"end":{"line":386,"column":40}},"loc":{"start":{"line":386,"column":59},"end":{"line":421,"column":13}},"line":386},"19":{"name":"proxiedUnshift","decl":{"start":{"line":422,"column":30},"end":{"line":422,"column":44}},"loc":{"start":{"line":422,"column":63},"end":{"line":471,"column":13}},"line":422},"20":{"name":"(anonymous_20)","decl":{"start":{"line":426,"column":39},"end":{"line":426,"column":40}},"loc":{"start":{"line":426,"column":56},"end":{"line":440,"column":17}},"line":426},"21":{"name":"proxiedReverse","decl":{"start":{"line":472,"column":30},"end":{"line":472,"column":44}},"loc":{"start":{"line":472,"column":63},"end":{"line":496,"column":13}},"line":472},"22":{"name":"proxiedSort","decl":{"start":{"line":497,"column":27},"end":{"line":497,"column":38}},"loc":{"start":{"line":497,"column":69},"end":{"line":521,"column":13}},"line":497},"23":{"name":"proxiedFill","decl":{"start":{"line":522,"column":27},"end":{"line":522,"column":38}},"loc":{"start":{"line":522,"column":57},"end":{"line":587,"column":13}},"line":522},"24":{"name":"proxiedSplice","decl":{"start":{"line":588,"column":29},"end":{"line":588,"column":42}},"loc":{"start":{"line":588,"column":61},"end":{"line":684,"column":13}},"line":588},"25":{"name":"(anonymous_25)","decl":{"start":{"line":695,"column":4},"end":{"line":695,"column":5}},"loc":{"start":{"line":695,"column":28},"end":{"line":697,"column":5}},"line":695},"26":{"name":"(anonymous_26)","decl":{"start":{"line":700,"column":4},"end":{"line":700,"column":5}},"loc":{"start":{"line":700,"column":13},"end":{"line":721,"column":5}},"line":700},"27":{"name":"(anonymous_27)","decl":{"start":{"line":725,"column":4},"end":{"line":725,"column":5}},"loc":{"start":{"line":725,"column":18},"end":{"line":727,"column":5}},"line":725},"28":{"name":"(anonymous_28)","decl":{"start":{"line":729,"column":4},"end":{"line":729,"column":5}},"loc":{"start":{"line":729,"column":24},"end":{"line":752,"column":5}},"line":729},"29":{"name":"(anonymous_29)","decl":{"start":{"line":754,"column":4},"end":{"line":754,"column":5}},"loc":{"start":{"line":754,"column":31},"end":{"line":756,"column":5}},"line":754}},"branchMap":{"0":{"loc":{"start":{"line":48,"column":12},"end":{"line":50,"column":13}},"type":"if","locations":[{"start":{"line":48,"column":12},"end":{"line":50,"column":13}},{"start":{"line":48,"column":12},"end":{"line":50,"column":13}}],"line":48},"1":{"loc":{"start":{"line":51,"column":12},"end":{"line":65,"column":13}},"type":"if","locations":[{"start":{"line":51,"column":12},"end":{"line":65,"column":13}},{"start":{"line":51,"column":12},"end":{"line":65,"column":13}}],"line":51},"2":{"loc":{"start":{"line":52,"column":16},"end":{"line":54,"column":17}},"type":"if","locations":[{"start":{"line":52,"column":16},"end":{"line":54,"column":17}},{"start":{"line":52,"column":16},"end":{"line":54,"column":17}}],"line":52},"3":{"loc":{"start":{"line":52,"column":20},"end":{"line":52,"column":92}},"type":"binary-expr","locations":[{"start":{"line":52,"column":20},"end":{"line":52,"column":37}},{"start":{"line":52,"column":42},"end":{"line":52,"column":74}},{"start":{"line":52,"column":78},"end":{"line":52,"column":91}}],"line":52},"4":{"loc":{"start":{"line":55,"column":16},"end":{"line":57,"column":17}},"type":"if","locations":[{"start":{"line":55,"column":16},"end":{"line":57,"column":17}},{"start":{"line":55,"column":16},"end":{"line":57,"column":17}}],"line":55},"5":{"loc":{"start":{"line":55,"column":20},"end":{"line":55,"column":58}},"type":"binary-expr","locations":[{"start":{"line":55,"column":20},"end":{"line":55,"column":42}},{"start":{"line":55,"column":46},"end":{"line":55,"column":58}}],"line":55},"6":{"loc":{"start":{"line":58,"column":16},"end":{"line":60,"column":17}},"type":"if","locations":[{"start":{"line":58,"column":16},"end":{"line":60,"column":17}},{"start":{"line":58,"column":16},"end":{"line":60,"column":17}}],"line":58},"7":{"loc":{"start":{"line":58,"column":20},"end":{"line":58,"column":107}},"type":"binary-expr","locations":[{"start":{"line":58,"column":20},"end":{"line":58,"column":42}},{"start":{"line":58,"column":47},"end":{"line":58,"column":84}},{"start":{"line":58,"column":88},"end":{"line":58,"column":106}}],"line":58},"8":{"loc":{"start":{"line":62,"column":16},"end":{"line":64,"column":17}},"type":"if","locations":[{"start":{"line":62,"column":16},"end":{"line":64,"column":17}},{"start":{"line":62,"column":16},"end":{"line":64,"column":17}}],"line":62},"9":{"loc":{"start":{"line":67,"column":12},"end":{"line":71,"column":13}},"type":"if","locations":[{"start":{"line":67,"column":12},"end":{"line":71,"column":13}},{"start":{"line":67,"column":12},"end":{"line":71,"column":13}}],"line":67},"10":{"loc":{"start":{"line":79,"column":12},"end":{"line":88,"column":13}},"type":"if","locations":[{"start":{"line":79,"column":12},"end":{"line":88,"column":13}},{"start":{"line":79,"column":12},"end":{"line":88,"column":13}}],"line":79},"11":{"loc":{"start":{"line":81,"column":16},"end":{"line":87,"column":17}},"type":"if","locations":[{"start":{"line":81,"column":16},"end":{"line":87,"column":17}},{"start":{"line":81,"column":16},"end":{"line":87,"column":17}}],"line":81},"12":{"loc":{"start":{"line":100,"column":8},"end":{"line":114,"column":9}},"type":"if","locations":[{"start":{"line":100,"column":8},"end":{"line":114,"column":9}},{"start":{"line":100,"column":8},"end":{"line":114,"column":9}}],"line":100},"13":{"loc":{"start":{"line":100,"column":12},"end":{"line":100,"column":124}},"type":"binary-expr","locations":[{"start":{"line":100,"column":12},"end":{"line":100,"column":16}},{"start":{"line":100,"column":20},"end":{"line":100,"column":44}},{"start":{"line":100,"column":48},"end":{"line":100,"column":124}}],"line":100},"14":{"loc":{"start":{"line":101,"column":24},"end":{"line":111,"column":24}},"type":"cond-expr","locations":[{"start":{"line":102,"column":16},"end":{"line":106,"column":24}},{"start":{"line":107,"column":16},"end":{"line":111,"column":24}}],"line":101},"15":{"loc":{"start":{"line":129,"column":8},"end":{"line":143,"column":9}},"type":"if","locations":[{"start":{"line":129,"column":8},"end":{"line":143,"column":9}},{"start":{"line":129,"column":8},"end":{"line":143,"column":9}}],"line":129},"16":{"loc":{"start":{"line":129,"column":12},"end":{"line":129,"column":101}},"type":"binary-expr","locations":[{"start":{"line":129,"column":12},"end":{"line":129,"column":16}},{"start":{"line":129,"column":20},"end":{"line":129,"column":44}},{"start":{"line":129,"column":48},"end":{"line":129,"column":101}}],"line":129},"17":{"loc":{"start":{"line":130,"column":26},"end":{"line":140,"column":24}},"type":"cond-expr","locations":[{"start":{"line":131,"column":16},"end":{"line":135,"column":24}},{"start":{"line":136,"column":16},"end":{"line":140,"column":24}}],"line":130},"18":{"loc":{"start":{"line":155,"column":12},"end":{"line":161,"column":13}},"type":"if","locations":[{"start":{"line":155,"column":12},"end":{"line":161,"column":13}},{"start":{"line":155,"column":12},"end":{"line":161,"column":13}}],"line":155},"19":{"loc":{"start":{"line":158,"column":19},"end":{"line":161,"column":13}},"type":"if","locations":[{"start":{"line":158,"column":19},"end":{"line":161,"column":13}},{"start":{"line":158,"column":19},"end":{"line":161,"column":13}}],"line":158},"20":{"loc":{"start":{"line":162,"column":12},"end":{"line":164,"column":13}},"type":"if","locations":[{"start":{"line":162,"column":12},"end":{"line":164,"column":13}},{"start":{"line":162,"column":12},"end":{"line":164,"column":13}}],"line":162},"21":{"loc":{"start":{"line":191,"column":8},"end":{"line":200,"column":9}},"type":"if","locations":[{"start":{"line":191,"column":8},"end":{"line":200,"column":9}},{"start":{"line":191,"column":8},"end":{"line":200,"column":9}}],"line":191},"22":{"loc":{"start":{"line":211,"column":8},"end":{"line":213,"column":9}},"type":"if","locations":[{"start":{"line":211,"column":8},"end":{"line":213,"column":9}},{"start":{"line":211,"column":8},"end":{"line":213,"column":9}}],"line":211},"23":{"loc":{"start":{"line":215,"column":8},"end":{"line":229,"column":9}},"type":"if","locations":[{"start":{"line":215,"column":8},"end":{"line":229,"column":9}},{"start":{"line":215,"column":8},"end":{"line":229,"column":9}}],"line":215},"24":{"loc":{"start":{"line":215,"column":12},"end":{"line":215,"column":104}},"type":"binary-expr","locations":[{"start":{"line":215,"column":12},"end":{"line":215,"column":17}},{"start":{"line":215,"column":21},"end":{"line":215,"column":46}},{"start":{"line":215,"column":50},"end":{"line":215,"column":104}}],"line":215},"25":{"loc":{"start":{"line":216,"column":23},"end":{"line":226,"column":24}},"type":"cond-expr","locations":[{"start":{"line":217,"column":16},"end":{"line":221,"column":24}},{"start":{"line":222,"column":16},"end":{"line":226,"column":24}}],"line":216},"26":{"loc":{"start":{"line":232,"column":8},"end":{"line":237,"column":9}},"type":"if","locations":[{"start":{"line":232,"column":8},"end":{"line":237,"column":9}},{"start":{"line":232,"column":8},"end":{"line":237,"column":9}}],"line":232},"27":{"loc":{"start":{"line":232,"column":12},"end":{"line":232,"column":52}},"type":"binary-expr","locations":[{"start":{"line":232,"column":12},"end":{"line":232,"column":20}},{"start":{"line":232,"column":24},"end":{"line":232,"column":52}}],"line":232},"28":{"loc":{"start":{"line":234,"column":12},"end":{"line":236,"column":13}},"type":"if","locations":[{"start":{"line":234,"column":12},"end":{"line":236,"column":13}},{"start":{"line":234,"column":12},"end":{"line":236,"column":13}}],"line":234},"29":{"loc":{"start":{"line":241,"column":8},"end":{"line":256,"column":9}},"type":"if","locations":[{"start":{"line":241,"column":8},"end":{"line":256,"column":9}},{"start":{"line":241,"column":8},"end":{"line":256,"column":9}}],"line":241},"30":{"loc":{"start":{"line":243,"column":22},"end":{"line":254,"column":14}},"type":"cond-expr","locations":[{"start":{"line":243,"column":56},"end":{"line":248,"column":14}},{"start":{"line":248,"column":17},"end":{"line":254,"column":14}}],"line":243},"31":{"loc":{"start":{"line":266,"column":8},"end":{"line":271,"column":9}},"type":"if","locations":[{"start":{"line":266,"column":8},"end":{"line":271,"column":9}},{"start":{"line":266,"column":8},"end":{"line":271,"column":9}}],"line":266},"32":{"loc":{"start":{"line":266,"column":12},"end":{"line":266,"column":52}},"type":"binary-expr","locations":[{"start":{"line":266,"column":12},"end":{"line":266,"column":20}},{"start":{"line":266,"column":24},"end":{"line":266,"column":52}}],"line":266},"33":{"loc":{"start":{"line":268,"column":12},"end":{"line":270,"column":13}},"type":"if","locations":[{"start":{"line":268,"column":12},"end":{"line":270,"column":13}},{"start":{"line":268,"column":12},"end":{"line":270,"column":13}}],"line":268},"34":{"loc":{"start":{"line":275,"column":8},"end":{"line":284,"column":9}},"type":"if","locations":[{"start":{"line":275,"column":8},"end":{"line":284,"column":9}},{"start":{"line":275,"column":8},"end":{"line":284,"column":9}}],"line":275},"35":{"loc":{"start":{"line":307,"column":12},"end":{"line":312,"column":13}},"type":"if","locations":[{"start":{"line":307,"column":12},"end":{"line":312,"column":13}},{"start":{"line":307,"column":12},"end":{"line":312,"column":13}}],"line":307},"36":{"loc":{"start":{"line":307,"column":16},"end":{"line":307,"column":48}},"type":"binary-expr","locations":[{"start":{"line":307,"column":16},"end":{"line":307,"column":20}},{"start":{"line":307,"column":24},"end":{"line":307,"column":48}}],"line":307},"37":{"loc":{"start":{"line":309,"column":16},"end":{"line":311,"column":17}},"type":"if","locations":[{"start":{"line":309,"column":16},"end":{"line":311,"column":17}},{"start":{"line":309,"column":16},"end":{"line":311,"column":17}}],"line":309},"38":{"loc":{"start":{"line":322,"column":16},"end":{"line":327,"column":17}},"type":"if","locations":[{"start":{"line":322,"column":16},"end":{"line":327,"column":17}},{"start":{"line":322,"column":16},"end":{"line":327,"column":17}}],"line":322},"39":{"loc":{"start":{"line":322,"column":20},"end":{"line":322,"column":62}},"type":"binary-expr","locations":[{"start":{"line":322,"column":20},"end":{"line":322,"column":29}},{"start":{"line":322,"column":33},"end":{"line":322,"column":62}}],"line":322},"40":{"loc":{"start":{"line":324,"column":20},"end":{"line":326,"column":21}},"type":"if","locations":[{"start":{"line":324,"column":20},"end":{"line":326,"column":21}},{"start":{"line":324,"column":20},"end":{"line":326,"column":21}}],"line":324},"41":{"loc":{"start":{"line":331,"column":16},"end":{"line":339,"column":17}},"type":"if","locations":[{"start":{"line":331,"column":16},"end":{"line":339,"column":17}},{"start":{"line":331,"column":16},"end":{"line":339,"column":17}}],"line":331},"42":{"loc":{"start":{"line":351,"column":20},"end":{"line":363,"column":21}},"type":"if","locations":[{"start":{"line":351,"column":20},"end":{"line":363,"column":21}},{"start":{"line":351,"column":20},"end":{"line":363,"column":21}}],"line":351},"43":{"loc":{"start":{"line":351,"column":24},"end":{"line":351,"column":113}},"type":"binary-expr","locations":[{"start":{"line":351,"column":24},"end":{"line":351,"column":28}},{"start":{"line":351,"column":32},"end":{"line":351,"column":56}},{"start":{"line":351,"column":60},"end":{"line":351,"column":113}}],"line":351},"44":{"loc":{"start":{"line":352,"column":31},"end":{"line":362,"column":36}},"type":"cond-expr","locations":[{"start":{"line":353,"column":28},"end":{"line":357,"column":36}},{"start":{"line":358,"column":28},"end":{"line":362,"column":36}}],"line":352},"45":{"loc":{"start":{"line":370,"column":16},"end":{"line":383,"column":17}},"type":"if","locations":[{"start":{"line":370,"column":16},"end":{"line":383,"column":17}},{"start":{"line":370,"column":16},"end":{"line":383,"column":17}}],"line":370},"46":{"loc":{"start":{"line":390,"column":16},"end":{"line":395,"column":17}},"type":"if","locations":[{"start":{"line":390,"column":16},"end":{"line":395,"column":17}},{"start":{"line":390,"column":16},"end":{"line":395,"column":17}}],"line":390},"47":{"loc":{"start":{"line":390,"column":20},"end":{"line":390,"column":66}},"type":"binary-expr","locations":[{"start":{"line":390,"column":20},"end":{"line":390,"column":31}},{"start":{"line":390,"column":35},"end":{"line":390,"column":66}}],"line":390},"48":{"loc":{"start":{"line":392,"column":20},"end":{"line":394,"column":21}},"type":"if","locations":[{"start":{"line":392,"column":20},"end":{"line":394,"column":21}},{"start":{"line":392,"column":20},"end":{"line":394,"column":21}}],"line":392},"49":{"loc":{"start":{"line":400,"column":20},"end":{"line":405,"column":21}},"type":"if","locations":[{"start":{"line":400,"column":20},"end":{"line":405,"column":21}},{"start":{"line":400,"column":20},"end":{"line":405,"column":21}}],"line":400},"50":{"loc":{"start":{"line":400,"column":24},"end":{"line":400,"column":56}},"type":"binary-expr","locations":[{"start":{"line":400,"column":24},"end":{"line":400,"column":28}},{"start":{"line":400,"column":32},"end":{"line":400,"column":56}}],"line":400},"51":{"loc":{"start":{"line":402,"column":24},"end":{"line":404,"column":25}},"type":"if","locations":[{"start":{"line":402,"column":24},"end":{"line":404,"column":25}},{"start":{"line":402,"column":24},"end":{"line":404,"column":25}}],"line":402},"52":{"loc":{"start":{"line":410,"column":16},"end":{"line":419,"column":17}},"type":"if","locations":[{"start":{"line":410,"column":16},"end":{"line":419,"column":17}},{"start":{"line":410,"column":16},"end":{"line":419,"column":17}}],"line":410},"53":{"loc":{"start":{"line":427,"column":20},"end":{"line":439,"column":21}},"type":"if","locations":[{"start":{"line":427,"column":20},"end":{"line":439,"column":21}},{"start":{"line":427,"column":20},"end":{"line":439,"column":21}}],"line":427},"54":{"loc":{"start":{"line":427,"column":24},"end":{"line":427,"column":113}},"type":"binary-expr","locations":[{"start":{"line":427,"column":24},"end":{"line":427,"column":28}},{"start":{"line":427,"column":32},"end":{"line":427,"column":56}},{"start":{"line":427,"column":60},"end":{"line":427,"column":113}}],"line":427},"55":{"loc":{"start":{"line":428,"column":48},"end":{"line":438,"column":36}},"type":"cond-expr","locations":[{"start":{"line":429,"column":28},"end":{"line":433,"column":36}},{"start":{"line":434,"column":28},"end":{"line":438,"column":36}}],"line":428},"56":{"loc":{"start":{"line":444,"column":20},"end":{"line":449,"column":21}},"type":"if","locations":[{"start":{"line":444,"column":20},"end":{"line":449,"column":21}},{"start":{"line":444,"column":20},"end":{"line":449,"column":21}}],"line":444},"57":{"loc":{"start":{"line":444,"column":24},"end":{"line":444,"column":56}},"type":"binary-expr","locations":[{"start":{"line":444,"column":24},"end":{"line":444,"column":28}},{"start":{"line":444,"column":32},"end":{"line":444,"column":56}}],"line":444},"58":{"loc":{"start":{"line":446,"column":24},"end":{"line":448,"column":25}},"type":"if","locations":[{"start":{"line":446,"column":24},"end":{"line":448,"column":25}},{"start":{"line":446,"column":24},"end":{"line":448,"column":25}}],"line":446},"59":{"loc":{"start":{"line":454,"column":16},"end":{"line":469,"column":17}},"type":"if","locations":[{"start":{"line":454,"column":16},"end":{"line":469,"column":17}},{"start":{"line":454,"column":16},"end":{"line":469,"column":17}}],"line":454},"60":{"loc":{"start":{"line":477,"column":20},"end":{"line":482,"column":21}},"type":"if","locations":[{"start":{"line":477,"column":20},"end":{"line":482,"column":21}},{"start":{"line":477,"column":20},"end":{"line":482,"column":21}}],"line":477},"61":{"loc":{"start":{"line":477,"column":24},"end":{"line":477,"column":56}},"type":"binary-expr","locations":[{"start":{"line":477,"column":24},"end":{"line":477,"column":28}},{"start":{"line":477,"column":32},"end":{"line":477,"column":56}}],"line":477},"62":{"loc":{"start":{"line":479,"column":24},"end":{"line":481,"column":25}},"type":"if","locations":[{"start":{"line":479,"column":24},"end":{"line":481,"column":25}},{"start":{"line":479,"column":24},"end":{"line":481,"column":25}}],"line":479},"63":{"loc":{"start":{"line":487,"column":16},"end":{"line":494,"column":17}},"type":"if","locations":[{"start":{"line":487,"column":16},"end":{"line":494,"column":17}},{"start":{"line":487,"column":16},"end":{"line":494,"column":17}}],"line":487},"64":{"loc":{"start":{"line":502,"column":20},"end":{"line":507,"column":21}},"type":"if","locations":[{"start":{"line":502,"column":20},"end":{"line":507,"column":21}},{"start":{"line":502,"column":20},"end":{"line":507,"column":21}}],"line":502},"65":{"loc":{"start":{"line":502,"column":24},"end":{"line":502,"column":56}},"type":"binary-expr","locations":[{"start":{"line":502,"column":24},"end":{"line":502,"column":28}},{"start":{"line":502,"column":32},"end":{"line":502,"column":56}}],"line":502},"66":{"loc":{"start":{"line":504,"column":24},"end":{"line":506,"column":25}},"type":"if","locations":[{"start":{"line":504,"column":24},"end":{"line":506,"column":25}},{"start":{"line":504,"column":24},"end":{"line":506,"column":25}}],"line":504},"67":{"loc":{"start":{"line":512,"column":16},"end":{"line":519,"column":17}},"type":"if","locations":[{"start":{"line":512,"column":16},"end":{"line":519,"column":17}},{"start":{"line":512,"column":16},"end":{"line":519,"column":17}}],"line":512},"68":{"loc":{"start":{"line":531,"column":28},"end":{"line":531,"column":99}},"type":"cond-expr","locations":[{"start":{"line":531,"column":41},"end":{"line":531,"column":42}},{"start":{"line":531,"column":46},"end":{"line":531,"column":98}}],"line":531},"69":{"loc":{"start":{"line":531,"column":46},"end":{"line":531,"column":98}},"type":"cond-expr","locations":[{"start":{"line":531,"column":64},"end":{"line":531,"column":84}},{"start":{"line":531,"column":87},"end":{"line":531,"column":98}}],"line":531},"70":{"loc":{"start":{"line":532,"column":26},"end":{"line":532,"column":102}},"type":"cond-expr","locations":[{"start":{"line":532,"column":39},"end":{"line":532,"column":45}},{"start":{"line":532,"column":49},"end":{"line":532,"column":101}}],"line":532},"71":{"loc":{"start":{"line":532,"column":49},"end":{"line":532,"column":101}},"type":"cond-expr","locations":[{"start":{"line":532,"column":67},"end":{"line":532,"column":87}},{"start":{"line":532,"column":90},"end":{"line":532,"column":101}}],"line":532},"72":{"loc":{"start":{"line":539,"column":20},"end":{"line":551,"column":21}},"type":"if","locations":[{"start":{"line":539,"column":20},"end":{"line":551,"column":21}},{"start":{"line":539,"column":20},"end":{"line":551,"column":21}}],"line":539},"73":{"loc":{"start":{"line":539,"column":24},"end":{"line":539,"column":113}},"type":"binary-expr","locations":[{"start":{"line":539,"column":24},"end":{"line":539,"column":28}},{"start":{"line":539,"column":32},"end":{"line":539,"column":56}},{"start":{"line":539,"column":60},"end":{"line":539,"column":113}}],"line":539},"74":{"loc":{"start":{"line":540,"column":36},"end":{"line":550,"column":36}},"type":"cond-expr","locations":[{"start":{"line":541,"column":28},"end":{"line":545,"column":36}},{"start":{"line":546,"column":28},"end":{"line":550,"column":36}}],"line":540},"75":{"loc":{"start":{"line":552,"column":20},"end":{"line":579,"column":21}},"type":"if","locations":[{"start":{"line":552,"column":20},"end":{"line":579,"column":21}},{"start":{"line":552,"column":20},"end":{"line":579,"column":21}}],"line":552},"76":{"loc":{"start":{"line":554,"column":24},"end":{"line":559,"column":25}},"type":"if","locations":[{"start":{"line":554,"column":24},"end":{"line":559,"column":25}},{"start":{"line":554,"column":24},"end":{"line":559,"column":25}}],"line":554},"77":{"loc":{"start":{"line":554,"column":28},"end":{"line":554,"column":70}},"type":"binary-expr","locations":[{"start":{"line":554,"column":28},"end":{"line":554,"column":37}},{"start":{"line":554,"column":41},"end":{"line":554,"column":70}}],"line":554},"78":{"loc":{"start":{"line":556,"column":28},"end":{"line":558,"column":29}},"type":"if","locations":[{"start":{"line":556,"column":28},"end":{"line":558,"column":29}},{"start":{"line":556,"column":28},"end":{"line":558,"column":29}}],"line":556},"79":{"loc":{"start":{"line":583,"column":16},"end":{"line":585,"column":17}},"type":"if","locations":[{"start":{"line":583,"column":16},"end":{"line":585,"column":17}},{"start":{"line":583,"column":16},"end":{"line":585,"column":17}}],"line":583},"80":{"loc":{"start":{"line":601,"column":20},"end":{"line":613,"column":21}},"type":"if","locations":[{"start":{"line":601,"column":20},"end":{"line":613,"column":21}},{"start":{"line":601,"column":20},"end":{"line":613,"column":21}}],"line":601},"81":{"loc":{"start":{"line":601,"column":24},"end":{"line":601,"column":113}},"type":"binary-expr","locations":[{"start":{"line":601,"column":24},"end":{"line":601,"column":28}},{"start":{"line":601,"column":32},"end":{"line":601,"column":56}},{"start":{"line":601,"column":60},"end":{"line":601,"column":113}}],"line":601},"82":{"loc":{"start":{"line":602,"column":43},"end":{"line":612,"column":36}},"type":"cond-expr","locations":[{"start":{"line":603,"column":28},"end":{"line":607,"column":36}},{"start":{"line":608,"column":28},"end":{"line":612,"column":36}}],"line":602},"83":{"loc":{"start":{"line":618,"column":33},"end":{"line":618,"column":121}},"type":"cond-expr","locations":[{"start":{"line":618,"column":48},"end":{"line":618,"column":49}},{"start":{"line":618,"column":53},"end":{"line":618,"column":120}}],"line":618},"84":{"loc":{"start":{"line":618,"column":53},"end":{"line":618,"column":120}},"type":"cond-expr","locations":[{"start":{"line":618,"column":76},"end":{"line":618,"column":101}},{"start":{"line":618,"column":104},"end":{"line":618,"column":120}}],"line":618},"85":{"loc":{"start":{"line":619,"column":30},"end":{"line":619,"column":81}},"type":"cond-expr","locations":[{"start":{"line":619,"column":43},"end":{"line":619,"column":62}},{"start":{"line":619,"column":65},"end":{"line":619,"column":81}}],"line":619},"86":{"loc":{"start":{"line":628,"column":20},"end":{"line":633,"column":21}},"type":"if","locations":[{"start":{"line":628,"column":20},"end":{"line":633,"column":21}},{"start":{"line":628,"column":20},"end":{"line":633,"column":21}}],"line":628},"87":{"loc":{"start":{"line":628,"column":24},"end":{"line":628,"column":56}},"type":"binary-expr","locations":[{"start":{"line":628,"column":24},"end":{"line":628,"column":28}},{"start":{"line":628,"column":32},"end":{"line":628,"column":56}}],"line":628},"88":{"loc":{"start":{"line":630,"column":24},"end":{"line":632,"column":25}},"type":"if","locations":[{"start":{"line":630,"column":24},"end":{"line":632,"column":25}},{"start":{"line":630,"column":24},"end":{"line":632,"column":25}}],"line":630},"89":{"loc":{"start":{"line":640,"column":20},"end":{"line":645,"column":21}},"type":"if","locations":[{"start":{"line":640,"column":20},"end":{"line":645,"column":21}},{"start":{"line":640,"column":20},"end":{"line":645,"column":21}}],"line":640},"90":{"loc":{"start":{"line":640,"column":24},"end":{"line":640,"column":56}},"type":"binary-expr","locations":[{"start":{"line":640,"column":24},"end":{"line":640,"column":28}},{"start":{"line":640,"column":32},"end":{"line":640,"column":56}}],"line":640},"91":{"loc":{"start":{"line":642,"column":24},"end":{"line":644,"column":25}},"type":"if","locations":[{"start":{"line":642,"column":24},"end":{"line":644,"column":25}},{"start":{"line":642,"column":24},"end":{"line":644,"column":25}}],"line":642},"92":{"loc":{"start":{"line":649,"column":16},"end":{"line":682,"column":17}},"type":"if","locations":[{"start":{"line":649,"column":16},"end":{"line":682,"column":17}},{"start":{"line":649,"column":16},"end":{"line":682,"column":17}}],"line":649},"93":{"loc":{"start":{"line":654,"column":24},"end":{"line":669,"column":25}},"type":"if","locations":[{"start":{"line":654,"column":24},"end":{"line":669,"column":25}},{"start":{"line":654,"column":24},"end":{"line":669,"column":25}}],"line":654},"94":{"loc":{"start":{"line":686,"column":8},"end":{"line":690,"column":9}},"type":"if","locations":[{"start":{"line":686,"column":8},"end":{"line":690,"column":9}},{"start":{"line":686,"column":8},"end":{"line":690,"column":9}}],"line":686},"95":{"loc":{"start":{"line":713,"column":12},"end":{"line":718,"column":13}},"type":"if","locations":[{"start":{"line":713,"column":12},"end":{"line":718,"column":13}},{"start":{"line":713,"column":12},"end":{"line":718,"column":13}}],"line":713},"96":{"loc":{"start":{"line":713,"column":16},"end":{"line":713,"column":48}},"type":"binary-expr","locations":[{"start":{"line":713,"column":16},"end":{"line":713,"column":20}},{"start":{"line":713,"column":24},"end":{"line":713,"column":48}}],"line":713},"97":{"loc":{"start":{"line":715,"column":16},"end":{"line":717,"column":17}},"type":"if","locations":[{"start":{"line":715,"column":16},"end":{"line":717,"column":17}},{"start":{"line":715,"column":16},"end":{"line":717,"column":17}}],"line":715},"98":{"loc":{"start":{"line":730,"column":8},"end":{"line":751,"column":9}},"type":"if","locations":[{"start":{"line":730,"column":8},"end":{"line":751,"column":9}},{"start":{"line":730,"column":8},"end":{"line":751,"column":9}}],"line":730},"99":{"loc":{"start":{"line":730,"column":12},"end":{"line":730,"column":186}},"type":"binary-expr","locations":[{"start":{"line":730,"column":12},"end":{"line":730,"column":18}},{"start":{"line":730,"column":22},"end":{"line":730,"column":48}},{"start":{"line":730,"column":52},"end":{"line":730,"column":107}},{"start":{"line":730,"column":111},"end":{"line":730,"column":133}},{"start":{"line":730,"column":137},"end":{"line":730,"column":161}},{"start":{"line":730,"column":165},"end":{"line":730,"column":186}}],"line":730},"100":{"loc":{"start":{"line":731,"column":29},"end":{"line":741,"column":18}},"type":"cond-expr","locations":[{"start":{"line":732,"column":16},"end":{"line":736,"column":18}},{"start":{"line":737,"column":16},"end":{"line":741,"column":18}}],"line":731},"101":{"loc":{"start":{"line":744,"column":12},"end":{"line":750,"column":13}},"type":"if","locations":[{"start":{"line":744,"column":12},"end":{"line":750,"column":13}},{"start":{"line":744,"column":12},"end":{"line":750,"column":13}}],"line":744},"102":{"loc":{"start":{"line":744,"column":16},"end":{"line":744,"column":53}},"type":"binary-expr","locations":[{"start":{"line":744,"column":16},"end":{"line":744,"column":23}},{"start":{"line":744,"column":27},"end":{"line":744,"column":53}}],"line":744},"103":{"loc":{"start":{"line":746,"column":19},"end":{"line":750,"column":13}},"type":"if","locations":[{"start":{"line":746,"column":19},"end":{"line":750,"column":13}},{"start":{"line":746,"column":19},"end":{"line":750,"column":13}}],"line":746},"104":{"loc":{"start":{"line":746,"column":23},"end":{"line":746,"column":89}},"type":"binary-expr","locations":[{"start":{"line":746,"column":23},"end":{"line":746,"column":42}},{"start":{"line":746,"column":46},"end":{"line":746,"column":67}},{"start":{"line":746,"column":71},"end":{"line":746,"column":89}}],"line":746},"105":{"loc":{"start":{"line":748,"column":19},"end":{"line":750,"column":13}},"type":"if","locations":[{"start":{"line":748,"column":19},"end":{"line":750,"column":13}},{"start":{"line":748,"column":19},"end":{"line":750,"column":13}}],"line":748},"106":{"loc":{"start":{"line":755,"column":18},"end":{"line":755,"column":60}},"type":"binary-expr","locations":[{"start":{"line":755,"column":18},"end":{"line":755,"column":23}},{"start":{"line":755,"column":27},"end":{"line":755,"column":43}},{"start":{"line":755,"column":47},"end":{"line":755,"column":60}}],"line":755}},"s":{"0":1,"1":1,"2":1,"3":1,"4":1,"5":1,"6":1,"7":1,"8":1,"9":0,"10":1,"11":1,"12":1,"13":0,"14":1,"15":0,"16":0,"17":0,"18":0,"19":0,"20":0,"21":0,"22":0,"23":0,"24":0,"25":1,"26":1,"27":0,"28":0,"29":0,"30":0,"31":0,"32":0,"33":0,"34":0,"35":0,"36":1,"37":1,"38":1,"39":1,"40":1,"41":3,"42":3,"43":3,"44":0,"45":3,"46":1,"47":1,"48":0,"49":0,"50":0,"51":0,"52":0,"53":0,"54":0,"55":0,"56":0,"57":0,"58":0,"59":1,"60":1,"61":1,"62":1,"63":1,"64":1,"65":0,"66":0,"67":0,"68":1,"69":0,"70":0,"71":0,"72":1,"73":1,"74":0,"75":1,"76":1,"77":1,"78":1,"79":1,"80":0,"81":0,"82":1,"83":1,"84":0,"85":1,"86":1,"87":1,"88":1,"89":1,"90":1,"91":1,"92":0,"93":0,"94":1,"95":1,"96":1,"97":0,"98":0,"99":0,"100":0,"101":0,"102":0,"103":0,"104":0,"105":0,"106":0,"107":0,"108":0,"109":0,"110":0,"111":0,"112":0,"113":0,"114":0,"115":0,"116":0,"117":0,"118":0,"119":0,"120":0,"121":0,"122":0,"123":0,"124":0,"125":0,"126":1,"127":0,"128":0,"129":0,"130":0,"131":0,"132":0,"133":0,"134":0,"135":0,"136":0,"137":0,"138":5,"139":0,"140":0,"141":0,"142":0,"143":0,"144":0,"145":0,"146":0,"147":0,"148":0,"149":0,"150":1,"151":1,"152":1,"153":1,"154":1,"155":1,"156":0,"157":1,"158":1,"159":1,"160":1,"161":1,"162":1,"163":1,"164":1,"165":1,"166":1,"167":1,"168":0,"169":0,"170":0,"171":0,"172":0,"173":0,"174":0,"175":0,"176":0,"177":0,"178":0,"179":0,"180":0,"181":0,"182":0,"183":0,"184":0,"185":0,"186":0,"187":0,"188":0,"189":0,"190":0,"191":0,"192":0,"193":0,"194":0,"195":0,"196":0,"197":0,"198":0,"199":0,"200":0,"201":0,"202":0,"203":0,"204":0,"205":0,"206":0,"207":0,"208":0,"209":0,"210":0,"211":0,"212":0,"213":0,"214":0,"215":0,"216":0,"217":0,"218":0,"219":0,"220":0,"221":0,"222":0,"223":0,"224":0,"225":0,"226":0,"227":0,"228":0,"229":0,"230":0,"231":0,"232":0,"233":0,"234":0,"235":0,"236":0,"237":0,"238":0,"239":0,"240":0,"241":0,"242":0,"243":0,"244":0,"245":0,"246":0,"247":0,"248":0,"249":0,"250":0,"251":0,"252":0,"253":0,"254":0,"255":0,"256":0,"257":0,"258":0,"259":0,"260":0,"261":0,"262":0,"263":0,"264":0,"265":0,"266":0,"267":0,"268":0,"269":0,"270":0,"271":0,"272":0,"273":0,"274":0,"275":0,"276":0,"277":0,"278":0,"279":0,"280":0,"281":0,"282":0,"283":0,"284":0,"285":0,"286":0,"287":0,"288":0,"289":0,"290":0,"291":0,"292":0,"293":0,"294":0,"295":0,"296":0,"297":0,"298":0,"299":0,"300":0,"301":0,"302":0,"303":0,"304":0,"305":0,"306":5,"307":1,"308":4,"309":0,"310":0,"311":0,"312":0,"313":0,"314":0,"315":0,"316":0,"317":0,"318":0,"319":0,"320":0,"321":0,"322":0,"323":1,"324":1,"325":1,"326":0,"327":0,"328":0,"329":0,"330":0,"331":0,"332":0,"333":1},"f":{"0":0,"1":1,"2":0,"3":0,"4":1,"5":0,"6":1,"7":0,"8":0,"9":1,"10":1,"11":0,"12":0,"13":1,"14":0,"15":5,"16":0,"17":1,"18":0,"19":0,"20":0,"21":0,"22":0,"23":0,"24":0,"25":0,"26":0,"27":0,"28":1,"29":0},"b":{"0":[0,1],"1":[0,1],"2":[0,0],"3":[0,0,0],"4":[0,0],"5":[0,0],"6":[0,0],"7":[0,0,0],"8":[0,0],"9":[1,0],"10":[0,0],"11":[0,0],"12":[0,3],"13":[3,3,0],"14":[0,0],"15":[0,0],"16":[0,0,0],"17":[0,0],"18":[0,1],"19":[0,1],"20":[1,0],"21":[1,0],"22":[0,0],"23":[0,0],"24":[0,0,0],"25":[0,0],"26":[0,0],"27":[0,0],"28":[0,0],"29":[0,0],"30":[0,0],"31":[0,0],"32":[0,0],"33":[0,0],"34":[0,0],"35":[0,0],"36":[0,0],"37":[0,0],"38":[0,0],"39":[0,0],"40":[0,0],"41":[0,0],"42":[0,1],"43":[1,1,0],"44":[0,0],"45":[1,0],"46":[0,0],"47":[0,0],"48":[0,0],"49":[0,0],"50":[0,0],"51":[0,0],"52":[0,0],"53":[0,0],"54":[0,0,0],"55":[0,0],"56":[0,0],"57":[0,0],"58":[0,0],"59":[0,0],"60":[0,0],"61":[0,0],"62":[0,0],"63":[0,0],"64":[0,0],"65":[0,0],"66":[0,0],"67":[0,0],"68":[0,0],"69":[0,0],"70":[0,0],"71":[0,0],"72":[0,0],"73":[0,0,0],"74":[0,0],"75":[0,0],"76":[0,0],"77":[0,0],"78":[0,0],"79":[0,0],"80":[0,0],"81":[0,0,0],"82":[0,0],"83":[0,0],"84":[0,0],"85":[0,0],"86":[0,0],"87":[0,0],"88":[0,0],"89":[0,0],"90":[0,0],"91":[0,0],"92":[0,0],"93":[0,0],"94":[1,4],"95":[0,0],"96":[0,0],"97":[0,0],"98":[1,0],"99":[1,1,1,1,1,1],"100":[1,0],"101":[0,0],"102":[0,0],"103":[0,0],"104":[0,0,0],"105":[0,0],"106":[0,0,0]},"_coverageSchema":"43e27e138ebf9cfc5966b082cf9a028302ed4184","hash":"bbdb13d7637f42f28f252768e08c4c2069d3a257"}
}
