TN:
SF:C:\~dev\Q2\src\monitor.js
FN:2,monitor
FN:2,(anonymous_1)
FN:23,(anonymous_2)
FN:27,(anonymous_3)
FN:36,(anonymous_4)
FN:46,(anonymous_5)
FN:56,(anonymous_6)
FN:65,(anonymous_7)
FN:82,(anonymous_8)
FN:84,(anonymous_9)
FN:94,(anonymous_10)
FN:115,(anonymous_11)
FN:141,(anonymous_12)
FN:153,(anonymous_13)
FN:162,(anonymous_14)
FNF:15
FNH:13
FNDA:1,monitor
FNDA:0,(anonymous_1)
FNDA:64,(anonymous_2)
FNDA:1,(anonymous_3)
FNDA:1,(anonymous_4)
FNDA:1,(anonymous_5)
FNDA:1,(anonymous_6)
FNDA:0,(anonymous_7)
FNDA:8,(anonymous_8)
FNDA:64,(anonymous_9)
FNDA:4,(anonymous_10)
FNDA:1,(anonymous_11)
FNDA:7,(anonymous_12)
FNDA:1,(anonymous_13)
FNDA:1,(anonymous_14)
DA:2,0
DA:6,1
DA:23,1
DA:24,64
DA:26,13
DA:28,1
DA:29,1
DA:34,1
DA:37,1
DA:38,1
DA:39,1
DA:44,1
DA:47,1
DA:48,1
DA:49,1
DA:54,1
DA:57,1
DA:58,1
DA:63,1
DA:66,0
DA:67,0
DA:68,0
DA:73,0
DA:82,1
DA:83,8
DA:85,64
DA:86,0
DA:88,64
DA:89,64
DA:90,4
DA:92,60
DA:95,4
DA:96,1
DA:101,1
DA:103,3
DA:104,3
DA:109,3
DA:112,4
DA:113,4
DA:116,1
DA:117,1
DA:122,1
DA:123,1
DA:126,8
DA:127,21
DA:128,7
DA:135,8
DA:141,1
DA:142,7
DA:143,7
DA:144,21
DA:145,15
DA:147,6
DA:150,7
DA:152,1
DA:154,1
DA:159,1
DA:160,1
DA:163,1
DA:168,1
DA:169,1
DA:174,1
LF:62
LH:56
BRDA:2,0,0,0
BRDA:24,1,0,51
BRDA:24,1,1,13
BRDA:85,2,0,0
BRDA:85,2,1,64
BRDA:89,3,0,4
BRDA:89,3,1,60
BRDA:95,4,0,1
BRDA:95,4,1,3
BRDA:103,5,0,3
BRDA:103,5,1,0
BRDA:127,6,0,7
BRDA:127,6,1,14
BRDA:130,7,0,7
BRDA:130,7,1,0
BRDA:144,8,0,15
BRDA:144,8,1,6
BRF:17
BRH:13
end_of_record
TN:
SF:C:\~dev\Q2\src\queue.js
FN:5,queue
FN:9,(anonymous_1)
FN:11,(anonymous_2)
FN:19,(anonymous_3)
FN:22,(anonymous_4)
FNF:5
FNH:0
FNDA:0,queue
FNDA:0,(anonymous_1)
FNDA:0,(anonymous_2)
FNDA:0,(anonymous_3)
FNDA:0,(anonymous_4)
DA:6,0
DA:7,0
DA:9,0
DA:10,0
DA:11,0
DA:12,0
DA:13,0
DA:14,0
DA:19,0
DA:21,0
DA:23,0
DA:28,1
LF:12
LH:1
BRDA:5,0,0,0
BRDA:13,1,0,0
BRDA:13,1,1,0
BRDA:23,2,0,0
BRDA:23,2,1,0
BRF:5
BRH:0
end_of_record
