TN:
SF:C:\~dev\Q2\src\objectFactory.js
FN:2,(anonymous_0)
FN:19,(anonymous_1)
FN:34,(anonymous_2)
FN:42,(anonymous_3)
FN:51,(anonymous_4)
FN:63,(anonymous_5)
FN:71,(anonymous_6)
FN:83,(anonymous_7)
FN:87,(anonymous_8)
FN:92,(anonymous_9)
FN:124,(anonymous_10)
FNF:11
FNH:11
FNDA:1,(anonymous_0)
FNDA:1,(anonymous_1)
FNDA:2,(anonymous_2)
FNDA:1,(anonymous_3)
FNDA:2,(anonymous_4)
FNDA:3,(anonymous_5)
FNDA:2,(anonymous_6)
FNDA:1,(anonymous_7)
FNDA:3,(anonymous_8)
FNDA:17,(anonymous_9)
FNDA:10,(anonymous_10)
DA:1,1
DA:2,1
DA:6,1
DA:14,1
DA:20,1
DA:21,1
DA:22,1
DA:25,1
DA:28,1
DA:35,2
DA:38,1
DA:43,1
DA:46,1
DA:52,2
DA:55,1
DA:64,3
DA:65,3
DA:66,1
DA:69,3
DA:72,2
DA:73,2
DA:74,1
DA:76,2
DA:79,1
DA:84,1
DA:88,3
DA:92,1
DA:93,17
DA:94,17
DA:96,4
DA:97,4
DA:99,2
DA:100,2
DA:101,2
DA:102,2
DA:104,3
DA:105,3
DA:106,3
DA:108,3
DA:109,3
DA:111,2
DA:112,2
DA:114,1
DA:115,1
DA:118,2
DA:121,17
DA:123,1
DA:125,10
DA:130,1
LF:49
LH:49
BRDA:20,0,0,1
BRDA:20,0,1,1
BRDA:22,1,0,1
BRDA:22,1,1,1
BRDA:35,2,0,2
BRDA:35,2,1,2
BRDA:35,2,2,2
BRDA:35,2,3,2
BRDA:43,3,0,1
BRDA:43,3,1,1
BRDA:43,3,2,1
BRDA:52,4,0,2
BRDA:52,4,1,2
BRDA:52,4,2,1
BRDA:73,5,0,1
BRDA:73,5,1,1
BRDA:73,6,0,2
BRDA:73,6,1,2
BRDA:84,7,0,1
BRDA:84,7,1,1
BRDA:88,8,0,2
BRDA:88,8,1,1
BRDA:94,9,0,4
BRDA:94,9,1,2
BRDA:94,9,2,3
BRDA:94,9,3,3
BRDA:94,9,4,2
BRDA:94,9,5,1
BRDA:94,9,6,2
BRDA:124,10,0,1
BRDA:125,11,0,10
BRDA:125,11,1,1
BRF:32
BRH:32
end_of_record
TN:
SF:C:\~dev\Q2\src\observable.js
FN:2,observable
FN:5,(anonymous_1)
FN:8,(anonymous_2)
FN:11,(anonymous_3)
FN:12,(anonymous_4)
FN:24,(anonymous_5)
FN:32,(anonymous_6)
FN:34,(anonymous_7)
FN:50,(anonymous_8)
FN:60,(anonymous_9)
FN:70,(anonymous_10)
FN:86,(anonymous_11)
FN:105,(anonymous_12)
FN:107,(anonymous_13)
FN:120,(anonymous_14)
FN:141,(anonymous_15)
FN:161,(anonymous_16)
FNF:17
FNH:17
FNDA:1,observable
FNDA:1,(anonymous_1)
FNDA:1,(anonymous_2)
FNDA:12,(anonymous_3)
FNDA:12,(anonymous_4)
FNDA:23,(anonymous_5)
FNDA:13,(anonymous_6)
FNDA:2,(anonymous_7)
FNDA:1,(anonymous_8)
FNDA:1,(anonymous_9)
FNDA:3,(anonymous_10)
FNDA:1,(anonymous_11)
FNDA:7,(anonymous_12)
FNDA:27,(anonymous_13)
FNDA:4,(anonymous_14)
FNDA:1,(anonymous_15)
FNDA:2,(anonymous_16)
DA:3,1
DA:4,1
DA:5,1
DA:6,1
DA:8,1
DA:9,1
DA:11,1
DA:12,12
DA:18,1
DA:24,23
DA:32,1
DA:33,13
DA:35,2
DA:36,2
DA:37,2
DA:42,2
DA:43,2
DA:44,2
DA:45,1
DA:46,1
DA:51,1
DA:52,1
DA:53,1
DA:58,1
DA:61,1
DA:62,1
DA:63,1
DA:68,1
DA:71,3
DA:72,3
DA:73,3
DA:78,3
DA:79,3
DA:80,3
DA:81,2
DA:82,2
DA:87,1
DA:88,1
DA:89,1
DA:94,1
DA:105,1
DA:106,7
DA:108,27
DA:109,1
DA:111,26
DA:112,13
DA:113,13
DA:114,8
DA:118,18
DA:121,4
DA:122,4
DA:123,4
DA:125,4
DA:126,3
DA:131,3
DA:134,4
DA:135,1
DA:138,4
DA:139,4
DA:142,1
DA:144,1
DA:150,1
DA:151,1
DA:154,7
DA:155,3
DA:156,2
DA:159,7
DA:161,1
DA:162,2
DA:163,2
DA:164,5
DA:165,4
DA:167,1
DA:170,2
DA:173,1
DA:176,1
LF:76
LH:76
BRDA:24,0,0,17
BRDA:24,0,1,6
BRDA:44,1,0,1
BRDA:44,1,1,1
BRDA:80,2,0,2
BRDA:80,2,1,1
BRDA:108,3,0,1
BRDA:108,3,1,26
BRDA:111,4,0,13
BRDA:111,4,1,13
BRDA:113,5,0,8
BRDA:113,5,1,5
BRDA:125,6,0,3
BRDA:125,6,1,1
BRDA:134,7,0,1
BRDA:134,7,1,3
BRDA:155,8,0,2
BRDA:155,8,1,1
BRDA:164,9,0,4
BRDA:164,9,1,1
BRF:20
BRH:20
end_of_record
